[1.045s] Invoking command in '/home/fuga1129/autonav_ws/build/ros2_aruco': PYTHONPATH=/home/fuga1129/autonav_ws/build/ros2_aruco/prefix_override:/usr/lib/python3/dist-packages/colcon_core/task/python/colcon_distutils_commands:/home/fuga1129/autonav_ws/install/ros2_aruco/lib/python3.10/site-packages:${PYTHONPATH} /usr/bin/python3 -W ignore:setup.py install is deprecated -W ignore:easy_install command is deprecated setup.py develop --editable --build-directory /home/fuga1129/autonav_ws/build/ros2_aruco/build --no-deps symlink_data --force
[1.278s] running develop
[1.476s] running egg_info
[1.476s] writing ros2_aruco.egg-info/PKG-INFO
[1.476s] writing dependency_links to ros2_aruco.egg-info/dependency_links.txt
[1.476s] writing entry points to ros2_aruco.egg-info/entry_points.txt
[1.476s] writing requirements to ros2_aruco.egg-info/requires.txt
[1.476s] writing top-level names to ros2_aruco.egg-info/top_level.txt
[1.478s] reading manifest file 'ros2_aruco.egg-info/SOURCES.txt'
[1.479s] writing manifest file 'ros2_aruco.egg-info/SOURCES.txt'
[1.480s] running build_ext
[1.480s] Creating /home/fuga1129/autonav_ws/install/ros2_aruco/lib/python3.10/site-packages/ros2-aruco.egg-link (link to .)
[1.481s] Installing aruco_generate_marker script to /home/fuga1129/autonav_ws/install/ros2_aruco/lib/ros2_aruco
[1.481s] Installing aruco_node script to /home/fuga1129/autonav_ws/install/ros2_aruco/lib/ros2_aruco
[1.482s] 
[1.482s] Installed /home/fuga1129/autonav_ws/build/ros2_aruco
[1.482s] running symlink_data
[1.482s] symbolically linking /home/fuga1129/autonav_ws/build/ros2_aruco/resource/ros2_aruco -> /home/fuga1129/autonav_ws/install/ros2_aruco/share/ament_index/resource_index/packages
[1.482s] symbolically linking /home/fuga1129/autonav_ws/build/ros2_aruco/package.xml -> /home/fuga1129/autonav_ws/install/ros2_aruco/share/ros2_aruco
[1.482s] symbolically linking /home/fuga1129/autonav_ws/build/ros2_aruco/launch/aruco_recognition.launch.py -> /home/fuga1129/autonav_ws/install/ros2_aruco/share/ros2_aruco/launch
[1.482s] symbolically linking /home/fuga1129/autonav_ws/build/ros2_aruco/config/aruco_parameters.yaml -> /home/fuga1129/autonav_ws/install/ros2_aruco/share/ros2_aruco/config
[1.508s] Invoked command in '/home/fuga1129/autonav_ws/build/ros2_aruco' returned '0': PYTHONPATH=/home/fuga1129/autonav_ws/build/ros2_aruco/prefix_override:/usr/lib/python3/dist-packages/colcon_core/task/python/colcon_distutils_commands:/home/fuga1129/autonav_ws/install/ros2_aruco/lib/python3.10/site-packages:${PYTHONPATH} /usr/bin/python3 -W ignore:setup.py install is deprecated -W ignore:easy_install command is deprecated setup.py develop --editable --build-directory /home/fuga1129/autonav_ws/build/ros2_aruco/build --no-deps symlink_data --force
