[0.392s] Invoking command in '/home/fuga1129/autonav_ws/build/autonav': PYTHONPATH=/home/fuga1129/autonav_ws/build/autonav/prefix_override:/usr/lib/python3/dist-packages/colcon_core/task/python/colcon_distutils_commands:/home/fuga1129/autonav_ws/install/autonav/lib/python3.10/site-packages:${PYTHONPATH} /usr/bin/python3 -W ignore:setup.py install is deprecated -W ignore:easy_install command is deprecated setup.py develop --editable --build-directory /home/fuga1129/autonav_ws/build/autonav/build --no-deps symlink_data
[0.555s] running develop
[0.643s] running egg_info
[0.644s] creating autonav.egg-info
[0.644s] writing autonav.egg-info/PKG-INFO
[0.644s] writing dependency_links to autonav.egg-info/dependency_links.txt
[0.644s] writing entry points to autonav.egg-info/entry_points.txt
[0.644s] writing requirements to autonav.egg-info/requires.txt
[0.644s] writing top-level names to autonav.egg-info/top_level.txt
[0.644s] writing manifest file 'autonav.egg-info/SOURCES.txt'
[0.645s] reading manifest file 'autonav.egg-info/SOURCES.txt'
[0.645s] writing manifest file 'autonav.egg-info/SOURCES.txt'
[0.646s] running build_ext
[0.646s] Creating /home/fuga1129/autonav_ws/install/autonav/lib/python3.10/site-packages/autonav.egg-link (link to .)
[0.647s] 
[0.647s] Installed /home/fuga1129/autonav_ws/build/autonav
[0.647s] running symlink_data
[0.647s] creating /home/fuga1129/autonav_ws/install/autonav/share/ament_index
[0.647s] creating /home/fuga1129/autonav_ws/install/autonav/share/ament_index/resource_index
[0.647s] creating /home/fuga1129/autonav_ws/install/autonav/share/ament_index/resource_index/packages
[0.647s] error: can't copy '/home/fuga1129/autonav_ws/build/autonav/resource/autonav': doesn't exist or not a regular file
[0.664s] Invoked command in '/home/fuga1129/autonav_ws/build/autonav' returned '1': PYTHONPATH=/home/fuga1129/autonav_ws/build/autonav/prefix_override:/usr/lib/python3/dist-packages/colcon_core/task/python/colcon_distutils_commands:/home/fuga1129/autonav_ws/install/autonav/lib/python3.10/site-packages:${PYTHONPATH} /usr/bin/python3 -W ignore:setup.py install is deprecated -W ignore:easy_install command is deprecated setup.py develop --editable --build-directory /home/fuga1129/autonav_ws/build/autonav/build --no-deps symlink_data
