[0.435s] Invoking command in '/home/fuga1129/autonav_ws/build/autonav': PYTHONPATH=/home/fuga1129/autonav_ws/build/autonav/prefix_override:/usr/lib/python3/dist-packages/colcon_core/task/python/colcon_distutils_commands:/home/fuga1129/autonav_ws/install/autonav/lib/python3.10/site-packages:${PYTHONPATH} /usr/bin/python3 -W ignore:setup.py install is deprecated -W ignore:easy_install command is deprecated setup.py develop --editable --build-directory /home/fuga1129/autonav_ws/build/autonav/build --no-deps symlink_data
[0.617s] running develop
[0.718s] running egg_info
[0.718s] writing autonav.egg-info/PKG-INFO
[0.718s] writing dependency_links to autonav.egg-info/dependency_links.txt
[0.718s] writing entry points to autonav.egg-info/entry_points.txt
[0.718s] writing requirements to autonav.egg-info/requires.txt
[0.719s] writing top-level names to autonav.egg-info/top_level.txt
[0.720s] reading manifest file 'autonav.egg-info/SOURCES.txt'
[0.720s] writing manifest file 'autonav.egg-info/SOURCES.txt'
[0.721s] running build_ext
[0.721s] Creating /home/fuga1129/autonav_ws/install/autonav/lib/python3.10/site-packages/autonav.egg-link (link to .)
[0.722s] Installing 4ws_transform script to /home/fuga1129/autonav_ws/install/autonav/lib/autonav
[0.722s] Installing all_gate_follower script to /home/fuga1129/autonav_ws/install/autonav/lib/autonav
[0.722s] Installing all_nav script to /home/fuga1129/autonav_ws/install/autonav/lib/autonav
[0.722s] Installing all_nav2 script to /home/fuga1129/autonav_ws/install/autonav/lib/autonav
[0.722s] Installing aruco_gate_detector script to /home/fuga1129/autonav_ws/install/autonav/lib/autonav
[0.722s] Installing gate_follower script to /home/fuga1129/autonav_ws/install/autonav/lib/autonav
[0.722s] Installing gate_p_controller script to /home/fuga1129/autonav_ws/install/autonav/lib/autonav
[0.722s] Installing nav_gps script to /home/fuga1129/autonav_ws/install/autonav/lib/autonav
[0.722s] Installing nav_gps_csv script to /home/fuga1129/autonav_ws/install/autonav/lib/autonav
[0.723s] Installing nav_gps_gate_csv script to /home/fuga1129/autonav_ws/install/autonav/lib/autonav
[0.723s] Installing odom_publish script to /home/fuga1129/autonav_ws/install/autonav/lib/autonav
[0.723s] Installing odom_tf_broadcaster script to /home/fuga1129/autonav_ws/install/autonav/lib/autonav
[0.723s] 
[0.723s] Installed /home/fuga1129/autonav_ws/build/autonav
[0.723s] running symlink_data
[0.741s] Invoked command in '/home/fuga1129/autonav_ws/build/autonav' returned '0': PYTHONPATH=/home/fuga1129/autonav_ws/build/autonav/prefix_override:/usr/lib/python3/dist-packages/colcon_core/task/python/colcon_distutils_commands:/home/fuga1129/autonav_ws/install/autonav/lib/python3.10/site-packages:${PYTHONPATH} /usr/bin/python3 -W ignore:setup.py install is deprecated -W ignore:easy_install command is deprecated setup.py develop --editable --build-directory /home/fuga1129/autonav_ws/build/autonav/build --no-deps symlink_data
