[0.633s] Invoking command in '/home/fuga1129/autonav_ws/build/opencv_ros2': PYTHONPATH=/home/fuga1129/autonav_ws/build/opencv_ros2/prefix_override:/usr/lib/python3/dist-packages/colcon_core/task/python/colcon_distutils_commands:/home/fuga1129/autonav_ws/install/opencv_ros2/lib/python3.10/site-packages:${PYTHONPATH} /usr/bin/python3 -W ignore:setup.py install is deprecated -W ignore:easy_install command is deprecated setup.py develop --editable --build-directory /home/fuga1129/autonav_ws/build/opencv_ros2/build --no-deps symlink_data
[0.830s] running develop
[0.933s] running egg_info
[0.933s] creating opencv_ros2.egg-info
[0.933s] writing opencv_ros2.egg-info/PKG-INFO
[0.933s] writing dependency_links to opencv_ros2.egg-info/dependency_links.txt
[0.933s] writing entry points to opencv_ros2.egg-info/entry_points.txt
[0.933s] writing requirements to opencv_ros2.egg-info/requires.txt
[0.934s] writing top-level names to opencv_ros2.egg-info/top_level.txt
[0.934s] writing manifest file 'opencv_ros2.egg-info/SOURCES.txt'
[0.935s] reading manifest file 'opencv_ros2.egg-info/SOURCES.txt'
[0.935s] writing manifest file 'opencv_ros2.egg-info/SOURCES.txt'
[0.936s] running build_ext
[0.936s] Creating /home/fuga1129/autonav_ws/install/opencv_ros2/lib/python3.10/site-packages/opencv-ros2.egg-link (link to .)
[0.937s] Installing aruco_node_tf script to /home/fuga1129/autonav_ws/install/opencv_ros2/lib/opencv_ros2
[0.937s] Installing aruco_node_tf_v2 script to /home/fuga1129/autonav_ws/install/opencv_ros2/lib/opencv_ros2
[0.937s] Installing canny_edge_detection script to /home/fuga1129/autonav_ws/install/opencv_ros2/lib/opencv_ros2
[0.937s] Installing challenge5_1_say_hello script to /home/fuga1129/autonav_ws/install/opencv_ros2/lib/opencv_ros2
[0.937s] Installing challenge5_2_cup_direction script to /home/fuga1129/autonav_ws/install/opencv_ros2/lib/opencv_ros2
[0.937s] Installing face_detection script to /home/fuga1129/autonav_ws/install/opencv_ros2/lib/opencv_ros2
[0.937s] Installing imgproc_opencv_ros script to /home/fuga1129/autonav_ws/install/opencv_ros2/lib/opencv_ros2
[0.937s] Installing qrcode_detector script to /home/fuga1129/autonav_ws/install/opencv_ros2/lib/opencv_ros2
[0.937s] Installing quiz5_1_smile_detection script to /home/fuga1129/autonav_ws/install/opencv_ros2/lib/opencv_ros2
[0.937s] 
[0.937s] Installed /home/fuga1129/autonav_ws/build/opencv_ros2
[0.937s] running symlink_data
[0.938s] creating /home/fuga1129/autonav_ws/install/opencv_ros2/share/ament_index
[0.938s] creating /home/fuga1129/autonav_ws/install/opencv_ros2/share/ament_index/resource_index
[0.938s] creating /home/fuga1129/autonav_ws/install/opencv_ros2/share/ament_index/resource_index/packages
[0.938s] symbolically linking /home/fuga1129/autonav_ws/build/opencv_ros2/resource/opencv_ros2 -> /home/fuga1129/autonav_ws/install/opencv_ros2/share/ament_index/resource_index/packages
[0.938s] symbolically linking /home/fuga1129/autonav_ws/build/opencv_ros2/package.xml -> /home/fuga1129/autonav_ws/install/opencv_ros2/share/opencv_ros2
[0.961s] Invoked command in '/home/fuga1129/autonav_ws/build/opencv_ros2' returned '0': PYTHONPATH=/home/fuga1129/autonav_ws/build/opencv_ros2/prefix_override:/usr/lib/python3/dist-packages/colcon_core/task/python/colcon_distutils_commands:/home/fuga1129/autonav_ws/install/opencv_ros2/lib/python3.10/site-packages:${PYTHONPATH} /usr/bin/python3 -W ignore:setup.py install is deprecated -W ignore:easy_install command is deprecated setup.py develop --editable --build-directory /home/fuga1129/autonav_ws/build/opencv_ros2/build --no-deps symlink_data
