running develop
running egg_info
writing autonav.egg-info/PKG-INFO
writing dependency_links to autonav.egg-info/dependency_links.txt
writing entry points to autonav.egg-info/entry_points.txt
writing requirements to autonav.egg-info/requires.txt
writing top-level names to autonav.egg-info/top_level.txt
reading manifest file 'autonav.egg-info/SOURCES.txt'
writing manifest file 'autonav.egg-info/SOURCES.txt'
running build_ext
Creating /home/fuga1129/autonav_ws/install/autonav/lib/python3.10/site-packages/autonav.egg-link (link to .)

Installed /home/fuga1129/autonav_ws/build/autonav
running symlink_data
symbolically linking /home/fuga1129/autonav_ws/build/autonav/resource/autonav -> /home/fuga1129/autonav_ws/install/autonav/share/ament_index/resource_index/packages
symbolically linking /home/fuga1129/autonav_ws/build/autonav/package.xml -> /home/fuga1129/autonav_ws/install/autonav/share/autonav
creating /home/fuga1129/autonav_ws/install/autonav/share/autonav/launch
symbolically linking /home/fuga1129/autonav_ws/build/autonav/launch/rsp.launch.py -> /home/fuga1129/autonav_ws/install/autonav/share/autonav/launch
creating /home/fuga1129/autonav_ws/install/autonav/share/autonav/config
creating /home/fuga1129/autonav_ws/install/autonav/share/autonav/description
symbolically linking /home/fuga1129/autonav_ws/build/autonav/description/rocot.urdf.xacro -> /home/fuga1129/autonav_ws/install/autonav/share/autonav/description
symbolically linking /home/fuga1129/autonav_ws/build/autonav/description/robot_core.xacro -> /home/fuga1129/autonav_ws/install/autonav/share/autonav/description
creating /home/fuga1129/autonav_ws/install/autonav/share/autonav/rviz
