[0.590s] Invoking command in '/home/fuga1129/autonav_ws/build/ros2_aruco_interfaces': CMAKE_PREFIX_PATH=${CMAKE_PREFIX_PATH}:/home/fuga1129/moveit2_ws/install/moveit_configs_utils:/home/fuga1129/moveit2_ws/install/launch_param_builder:/opt/ros/humble /usr/bin/cmake /home/fuga1129/autonav_ws/src/ros2_aruco/ros2_aruco_interfaces -DAMENT_CMAKE_SYMLINK_INSTALL=1 -DCMAKE_INSTALL_PREFIX=/home/fuga1129/autonav_ws/install/ros2_aruco_interfaces
[0.601s] -- Found ament_cmake: 1.3.12 (/opt/ros/humble/share/ament_cmake/cmake)
[0.720s] -- Override CMake install command with custom implementation using symlinks instead of copying resources
[0.726s] -- Found geometry_msgs: 4.9.0 (/opt/ros/humble/share/geometry_msgs/cmake)
[0.745s] -- Found rosidl_generator_c: 3.1.7 (/opt/ros/humble/share/rosidl_generator_c/cmake)
[0.747s] -- Found rosidl_adapter: 3.1.7 (/opt/ros/humble/share/rosidl_adapter/cmake)
[0.751s] -- Found rosidl_generator_cpp: 3.1.7 (/opt/ros/humble/share/rosidl_generator_cpp/cmake)
[0.759s] -- Using all available rosidl_typesupport_c: rosidl_typesupport_fastrtps_c;rosidl_typesupport_introspection_c
[0.769s] -- Using all available rosidl_typesupport_cpp: rosidl_typesupport_fastrtps_cpp;rosidl_typesupport_introspection_cpp
[0.799s] -- Found rosidl_default_generators: 1.2.0 (/opt/ros/humble/share/rosidl_default_generators/cmake)
[1.079s] -- Found ament_cmake_ros: 0.10.0 (/opt/ros/humble/share/ament_cmake_ros/cmake)
[1.473s] -- Using all available rosidl_typesupport_c: rosidl_typesupport_fastrtps_c;rosidl_typesupport_introspection_c
[1.627s] -- Using all available rosidl_typesupport_cpp: rosidl_typesupport_fastrtps_cpp;rosidl_typesupport_introspection_cpp
[1.650s] -- Found python_cmake_module: 0.10.0 (/opt/ros/humble/share/python_cmake_module/cmake)
[1.674s] -- Using PYTHON_EXECUTABLE: /usr/bin/python3
[1.674s] -- Using PYTHON_INCLUDE_DIRS: /usr/include/python3.10
[1.674s] -- Using PYTHON_LIBRARIES: /usr/lib/x86_64-linux-gnu/libpython3.10.so
[1.740s] -- Found ament_lint_auto: 0.12.14 (/opt/ros/humble/share/ament_lint_auto/cmake)
[1.747s] -- Added test 'copyright' to check source files copyright and LICENSE
[1.747s] -- Added test 'lint_cmake' to check CMake code style
[1.747s] -- Added test 'xmllint' to check XML markup files
[1.749s] -- Configuring done
[1.773s] -- Generating done
[1.783s] -- Build files have been written to: /home/fuga1129/autonav_ws/build/ros2_aruco_interfaces
[1.794s] Invoked command in '/home/fuga1129/autonav_ws/build/ros2_aruco_interfaces' returned '0': CMAKE_PREFIX_PATH=${CMAKE_PREFIX_PATH}:/home/fuga1129/moveit2_ws/install/moveit_configs_utils:/home/fuga1129/moveit2_ws/install/launch_param_builder:/opt/ros/humble /usr/bin/cmake /home/fuga1129/autonav_ws/src/ros2_aruco/ros2_aruco_interfaces -DAMENT_CMAKE_SYMLINK_INSTALL=1 -DCMAKE_INSTALL_PREFIX=/home/fuga1129/autonav_ws/install/ros2_aruco_interfaces
[1.797s] Invoking command in '/home/fuga1129/autonav_ws/build/ros2_aruco_interfaces': CMAKE_PREFIX_PATH=${CMAKE_PREFIX_PATH}:/home/fuga1129/moveit2_ws/install/moveit_configs_utils:/home/fuga1129/moveit2_ws/install/launch_param_builder:/opt/ros/humble /usr/bin/cmake --build /home/fuga1129/autonav_ws/build/ros2_aruco_interfaces -- -j12 -l12
[1.850s] [35m[1mConsolidate compiler generated dependencies of target ros2_aruco_interfaces__rosidl_generator_c[0m
[1.864s] [  9%] Built target ros2_aruco_interfaces__rosidl_generator_c
[1.865s] [ 12%] Built target ros2_aruco_interfaces__cpp
[1.874s] [ 12%] Built target ament_cmake_python_symlink_ros2_aruco_interfaces
[1.877s] [35m[1mConsolidate compiler generated dependencies of target ros2_aruco_interfaces__rosidl_typesupport_introspection_cpp[0m
[1.877s] [35m[1mConsolidate compiler generated dependencies of target ros2_aruco_interfaces__rosidl_typesupport_fastrtps_c[0m
[1.879s] [35m[1mConsolidate compiler generated dependencies of target ros2_aruco_interfaces__rosidl_typesupport_c[0m
[1.879s] [35m[1mConsolidate compiler generated dependencies of target ros2_aruco_interfaces__rosidl_typesupport_introspection_c[0m
[1.879s] [35m[1mConsolidate compiler generated dependencies of target ros2_aruco_interfaces__rosidl_typesupport_cpp[0m
[1.880s] [35m[1mConsolidate compiler generated dependencies of target ros2_aruco_interfaces__rosidl_typesupport_fastrtps_cpp[0m
[1.894s] [ 22%] Built target ros2_aruco_interfaces__rosidl_typesupport_fastrtps_c
[1.895s] [ 32%] Built target ros2_aruco_interfaces__rosidl_typesupport_introspection_cpp
[1.896s] [ 41%] Built target ros2_aruco_interfaces__rosidl_typesupport_c
[1.899s] [ 51%] Built target ros2_aruco_interfaces__rosidl_typesupport_introspection_c
[1.899s] [ 64%] Built target ros2_aruco_interfaces__rosidl_typesupport_fastrtps_cpp
[1.899s] [ 70%] Built target ros2_aruco_interfaces__rosidl_typesupport_cpp
[1.929s] [ 70%] Built target ros2_aruco_interfaces
[1.963s] [ 74%] Built target ros2_aruco_interfaces__py
[1.980s] [35m[1mConsolidate compiler generated dependencies of target ros2_aruco_interfaces__rosidl_generator_py[0m
[2.001s] [ 80%] Built target ros2_aruco_interfaces__rosidl_generator_py
[2.015s] [35m[1mConsolidate compiler generated dependencies of target ros2_aruco_interfaces__rosidl_typesupport_introspection_c__pyext[0m
[2.018s] [35m[1mConsolidate compiler generated dependencies of target ros2_aruco_interfaces__rosidl_typesupport_c__pyext[0m
[2.019s] [35m[1mConsolidate compiler generated dependencies of target ros2_aruco_interfaces__rosidl_typesupport_fastrtps_c__pyext[0m
[2.033s] [ 87%] Built target ros2_aruco_interfaces__rosidl_typesupport_introspection_c__pyext
[2.036s] [ 93%] Built target ros2_aruco_interfaces__rosidl_typesupport_c__pyext
[2.037s] [100%] Built target ros2_aruco_interfaces__rosidl_typesupport_fastrtps_c__pyext
[2.103s] running egg_info
[2.104s] writing ros2_aruco_interfaces.egg-info/PKG-INFO
[2.104s] writing dependency_links to ros2_aruco_interfaces.egg-info/dependency_links.txt
[2.104s] writing top-level names to ros2_aruco_interfaces.egg-info/top_level.txt
[2.106s] reading manifest file 'ros2_aruco_interfaces.egg-info/SOURCES.txt'
[2.106s] writing manifest file 'ros2_aruco_interfaces.egg-info/SOURCES.txt'
[2.137s] [100%] Built target ament_cmake_python_build_ros2_aruco_interfaces_egg
[2.150s] Invoked command in '/home/fuga1129/autonav_ws/build/ros2_aruco_interfaces' returned '0': CMAKE_PREFIX_PATH=${CMAKE_PREFIX_PATH}:/home/fuga1129/moveit2_ws/install/moveit_configs_utils:/home/fuga1129/moveit2_ws/install/launch_param_builder:/opt/ros/humble /usr/bin/cmake --build /home/fuga1129/autonav_ws/build/ros2_aruco_interfaces -- -j12 -l12
[2.165s] Invoking command in '/home/fuga1129/autonav_ws/build/ros2_aruco_interfaces': CMAKE_PREFIX_PATH=${CMAKE_PREFIX_PATH}:/home/fuga1129/moveit2_ws/install/moveit_configs_utils:/home/fuga1129/moveit2_ws/install/launch_param_builder:/opt/ros/humble /usr/bin/cmake --install /home/fuga1129/autonav_ws/build/ros2_aruco_interfaces
[2.177s] -- Install configuration: ""
[2.178s] -- Execute custom install script
[2.178s] -- Up-to-date symlink: /home/fuga1129/autonav_ws/install/ros2_aruco_interfaces/share/ament_index/resource_index/rosidl_interfaces/ros2_aruco_interfaces
[2.178s] -- Up-to-date symlink: /home/fuga1129/autonav_ws/install/ros2_aruco_interfaces/include/ros2_aruco_interfaces/ros2_aruco_interfaces/msg/aruco_markers.h
[2.178s] -- Up-to-date symlink: /home/fuga1129/autonav_ws/install/ros2_aruco_interfaces/include/ros2_aruco_interfaces/ros2_aruco_interfaces/msg/detail/aruco_markers__functions.h
[2.178s] -- Up-to-date symlink: /home/fuga1129/autonav_ws/install/ros2_aruco_interfaces/include/ros2_aruco_interfaces/ros2_aruco_interfaces/msg/detail/aruco_markers__struct.h
[2.179s] -- Up-to-date symlink: /home/fuga1129/autonav_ws/install/ros2_aruco_interfaces/include/ros2_aruco_interfaces/ros2_aruco_interfaces/msg/detail/aruco_markers__type_support.h
[2.179s] -- Up-to-date symlink: /home/fuga1129/autonav_ws/install/ros2_aruco_interfaces/include/ros2_aruco_interfaces/ros2_aruco_interfaces/msg/rosidl_generator_c__visibility_control.h
[2.179s] -- Up-to-date symlink: /home/fuga1129/autonav_ws/install/ros2_aruco_interfaces/share/ros2_aruco_interfaces/environment/library_path.sh
[2.179s] -- Up-to-date symlink: /home/fuga1129/autonav_ws/install/ros2_aruco_interfaces/share/ros2_aruco_interfaces/environment/library_path.dsv
[2.179s] -- Up-to-date symlink: /home/fuga1129/autonav_ws/install/ros2_aruco_interfaces/include/ros2_aruco_interfaces/ros2_aruco_interfaces/msg/detail/aruco_markers__rosidl_typesupport_fastrtps_c.h
[2.180s] -- Up-to-date symlink: /home/fuga1129/autonav_ws/install/ros2_aruco_interfaces/include/ros2_aruco_interfaces/ros2_aruco_interfaces/msg/rosidl_typesupport_fastrtps_c__visibility_control.h
[2.180s] -- Up-to-date symlink: /home/fuga1129/autonav_ws/install/ros2_aruco_interfaces/include/ros2_aruco_interfaces/ros2_aruco_interfaces/msg/aruco_markers.hpp
[2.180s] -- Up-to-date symlink: /home/fuga1129/autonav_ws/install/ros2_aruco_interfaces/include/ros2_aruco_interfaces/ros2_aruco_interfaces/msg/detail/aruco_markers__builder.hpp
[2.180s] -- Up-to-date symlink: /home/fuga1129/autonav_ws/install/ros2_aruco_interfaces/include/ros2_aruco_interfaces/ros2_aruco_interfaces/msg/detail/aruco_markers__struct.hpp
[2.181s] -- Up-to-date symlink: /home/fuga1129/autonav_ws/install/ros2_aruco_interfaces/include/ros2_aruco_interfaces/ros2_aruco_interfaces/msg/detail/aruco_markers__traits.hpp
[2.181s] -- Up-to-date symlink: /home/fuga1129/autonav_ws/install/ros2_aruco_interfaces/include/ros2_aruco_interfaces/ros2_aruco_interfaces/msg/detail/aruco_markers__type_support.hpp
[2.181s] -- Up-to-date symlink: /home/fuga1129/autonav_ws/install/ros2_aruco_interfaces/include/ros2_aruco_interfaces/ros2_aruco_interfaces/msg/rosidl_generator_cpp__visibility_control.hpp
[2.181s] -- Up-to-date symlink: /home/fuga1129/autonav_ws/install/ros2_aruco_interfaces/include/ros2_aruco_interfaces/ros2_aruco_interfaces/msg/detail/aruco_markers__rosidl_typesupport_fastrtps_cpp.hpp
[2.181s] -- Up-to-date symlink: /home/fuga1129/autonav_ws/install/ros2_aruco_interfaces/include/ros2_aruco_interfaces/ros2_aruco_interfaces/msg/rosidl_typesupport_fastrtps_cpp__visibility_control.h
[2.182s] -- Up-to-date symlink: /home/fuga1129/autonav_ws/install/ros2_aruco_interfaces/include/ros2_aruco_interfaces/ros2_aruco_interfaces/msg/detail/aruco_markers__rosidl_typesupport_introspection_c.h
[2.182s] -- Up-to-date symlink: /home/fuga1129/autonav_ws/install/ros2_aruco_interfaces/include/ros2_aruco_interfaces/ros2_aruco_interfaces/msg/rosidl_typesupport_introspection_c__visibility_control.h
[2.182s] -- Up-to-date symlink: /home/fuga1129/autonav_ws/install/ros2_aruco_interfaces/include/ros2_aruco_interfaces/ros2_aruco_interfaces/msg/detail/aruco_markers__rosidl_typesupport_introspection_cpp.hpp
[2.182s] -- Up-to-date symlink: /home/fuga1129/autonav_ws/install/ros2_aruco_interfaces/share/ros2_aruco_interfaces/environment/pythonpath.sh
[2.183s] -- Up-to-date symlink: /home/fuga1129/autonav_ws/install/ros2_aruco_interfaces/share/ros2_aruco_interfaces/environment/pythonpath.dsv
[2.183s] -- Up-to-date symlink: /home/fuga1129/autonav_ws/install/ros2_aruco_interfaces/local/lib/python3.10/dist-packages/ros2_aruco_interfaces-0.1.0-py3.10.egg-info/PKG-INFO
[2.183s] -- Up-to-date symlink: /home/fuga1129/autonav_ws/install/ros2_aruco_interfaces/local/lib/python3.10/dist-packages/ros2_aruco_interfaces-0.1.0-py3.10.egg-info/SOURCES.txt
[2.183s] -- Up-to-date symlink: /home/fuga1129/autonav_ws/install/ros2_aruco_interfaces/local/lib/python3.10/dist-packages/ros2_aruco_interfaces-0.1.0-py3.10.egg-info/dependency_links.txt
[2.183s] -- Up-to-date symlink: /home/fuga1129/autonav_ws/install/ros2_aruco_interfaces/local/lib/python3.10/dist-packages/ros2_aruco_interfaces-0.1.0-py3.10.egg-info/top_level.txt
[2.184s] -- Up-to-date symlink: /home/fuga1129/autonav_ws/install/ros2_aruco_interfaces/local/lib/python3.10/dist-packages/ros2_aruco_interfaces/__init__.py
[2.184s] -- Up-to-date symlink: /home/fuga1129/autonav_ws/install/ros2_aruco_interfaces/local/lib/python3.10/dist-packages/ros2_aruco_interfaces/_ros2_aruco_interfaces_s.ep.rosidl_typesupport_c.c
[2.184s] -- Up-to-date symlink: /home/fuga1129/autonav_ws/install/ros2_aruco_interfaces/local/lib/python3.10/dist-packages/ros2_aruco_interfaces/_ros2_aruco_interfaces_s.ep.rosidl_typesupport_fastrtps_c.c
[2.184s] -- Up-to-date symlink: /home/fuga1129/autonav_ws/install/ros2_aruco_interfaces/local/lib/python3.10/dist-packages/ros2_aruco_interfaces/_ros2_aruco_interfaces_s.ep.rosidl_typesupport_introspection_c.c
[2.184s] -- Up-to-date symlink: /home/fuga1129/autonav_ws/install/ros2_aruco_interfaces/local/lib/python3.10/dist-packages/ros2_aruco_interfaces/libros2_aruco_interfaces__rosidl_generator_py.so
[2.184s] -- Up-to-date symlink: /home/fuga1129/autonav_ws/install/ros2_aruco_interfaces/local/lib/python3.10/dist-packages/ros2_aruco_interfaces/msg/__init__.py
[2.185s] -- Up-to-date symlink: /home/fuga1129/autonav_ws/install/ros2_aruco_interfaces/local/lib/python3.10/dist-packages/ros2_aruco_interfaces/msg/_aruco_markers.py
[2.185s] -- Up-to-date symlink: /home/fuga1129/autonav_ws/install/ros2_aruco_interfaces/local/lib/python3.10/dist-packages/ros2_aruco_interfaces/msg/_aruco_markers_s.c
[2.185s] -- Up-to-date symlink: /home/fuga1129/autonav_ws/install/ros2_aruco_interfaces/local/lib/python3.10/dist-packages/ros2_aruco_interfaces/ros2_aruco_interfaces_s__rosidl_typesupport_c.cpython-310-x86_64-linux-gnu.so
[2.185s] -- Up-to-date symlink: /home/fuga1129/autonav_ws/install/ros2_aruco_interfaces/local/lib/python3.10/dist-packages/ros2_aruco_interfaces/ros2_aruco_interfaces_s__rosidl_typesupport_fastrtps_c.cpython-310-x86_64-linux-gnu.so
[2.185s] -- Up-to-date symlink: /home/fuga1129/autonav_ws/install/ros2_aruco_interfaces/local/lib/python3.10/dist-packages/ros2_aruco_interfaces/ros2_aruco_interfaces_s__rosidl_typesupport_introspection_c.cpython-310-x86_64-linux-gnu.so
[2.185s] -- Up-to-date symlink: /home/fuga1129/autonav_ws/install/ros2_aruco_interfaces/local/lib/python3.10/dist-packages/ros2_aruco_interfaces/ros2_aruco_interfaces_s__rosidl_typesupport_fastrtps_c.cpython-310-x86_64-linux-gnu.so
[2.186s] -- Up-to-date symlink: /home/fuga1129/autonav_ws/install/ros2_aruco_interfaces/local/lib/python3.10/dist-packages/ros2_aruco_interfaces/ros2_aruco_interfaces_s__rosidl_typesupport_introspection_c.cpython-310-x86_64-linux-gnu.so
[2.186s] -- Up-to-date symlink: /home/fuga1129/autonav_ws/install/ros2_aruco_interfaces/local/lib/python3.10/dist-packages/ros2_aruco_interfaces/ros2_aruco_interfaces_s__rosidl_typesupport_c.cpython-310-x86_64-linux-gnu.so
[2.186s] -- Up-to-date symlink: /home/fuga1129/autonav_ws/install/ros2_aruco_interfaces/share/ros2_aruco_interfaces/msg/ArucoMarkers.idl
[2.186s] -- Up-to-date symlink: /home/fuga1129/autonav_ws/install/ros2_aruco_interfaces/share/ros2_aruco_interfaces/msg/ArucoMarkers.msg
[2.187s] -- Up-to-date symlink: /home/fuga1129/autonav_ws/install/ros2_aruco_interfaces/share/ament_index/resource_index/package_run_dependencies/ros2_aruco_interfaces
[2.187s] -- Up-to-date symlink: /home/fuga1129/autonav_ws/install/ros2_aruco_interfaces/share/ament_index/resource_index/parent_prefix_path/ros2_aruco_interfaces
[2.187s] -- Up-to-date symlink: /home/fuga1129/autonav_ws/install/ros2_aruco_interfaces/share/ros2_aruco_interfaces/environment/ament_prefix_path.sh
[2.187s] -- Up-to-date symlink: /home/fuga1129/autonav_ws/install/ros2_aruco_interfaces/share/ros2_aruco_interfaces/environment/ament_prefix_path.dsv
[2.187s] -- Up-to-date symlink: /home/fuga1129/autonav_ws/install/ros2_aruco_interfaces/share/ros2_aruco_interfaces/environment/path.sh
[2.187s] -- Up-to-date symlink: /home/fuga1129/autonav_ws/install/ros2_aruco_interfaces/share/ros2_aruco_interfaces/environment/path.dsv
[2.188s] -- Up-to-date symlink: /home/fuga1129/autonav_ws/install/ros2_aruco_interfaces/share/ros2_aruco_interfaces/local_setup.bash
[2.188s] -- Up-to-date symlink: /home/fuga1129/autonav_ws/install/ros2_aruco_interfaces/share/ros2_aruco_interfaces/local_setup.sh
[2.188s] -- Up-to-date symlink: /home/fuga1129/autonav_ws/install/ros2_aruco_interfaces/share/ros2_aruco_interfaces/local_setup.zsh
[2.188s] -- Up-to-date symlink: /home/fuga1129/autonav_ws/install/ros2_aruco_interfaces/share/ros2_aruco_interfaces/local_setup.dsv
[2.188s] -- Symlinking: /home/fuga1129/autonav_ws/install/ros2_aruco_interfaces/share/ros2_aruco_interfaces/package.dsv
[2.201s] -- Up-to-date symlink: /home/fuga1129/autonav_ws/install/ros2_aruco_interfaces/share/ament_index/resource_index/packages/ros2_aruco_interfaces
[2.201s] -- Up-to-date symlink: /home/fuga1129/autonav_ws/install/ros2_aruco_interfaces/share/ros2_aruco_interfaces/cmake/rosidl_cmake-extras.cmake
[2.201s] -- Up-to-date symlink: /home/fuga1129/autonav_ws/install/ros2_aruco_interfaces/share/ros2_aruco_interfaces/cmake/ament_cmake_export_dependencies-extras.cmake
[2.201s] -- Up-to-date symlink: /home/fuga1129/autonav_ws/install/ros2_aruco_interfaces/share/ros2_aruco_interfaces/cmake/ament_cmake_export_include_directories-extras.cmake
[2.201s] -- Up-to-date symlink: /home/fuga1129/autonav_ws/install/ros2_aruco_interfaces/share/ros2_aruco_interfaces/cmake/ament_cmake_export_libraries-extras.cmake
[2.201s] -- Up-to-date symlink: /home/fuga1129/autonav_ws/install/ros2_aruco_interfaces/share/ros2_aruco_interfaces/cmake/ament_cmake_export_targets-extras.cmake
[2.201s] -- Up-to-date symlink: /home/fuga1129/autonav_ws/install/ros2_aruco_interfaces/share/ros2_aruco_interfaces/cmake/rosidl_cmake_export_typesupport_targets-extras.cmake
[2.202s] -- Up-to-date symlink: /home/fuga1129/autonav_ws/install/ros2_aruco_interfaces/share/ros2_aruco_interfaces/cmake/rosidl_cmake_export_typesupport_libraries-extras.cmake
[2.202s] -- Up-to-date symlink: /home/fuga1129/autonav_ws/install/ros2_aruco_interfaces/share/ros2_aruco_interfaces/cmake/ros2_aruco_interfacesConfig.cmake
[2.202s] -- Up-to-date symlink: /home/fuga1129/autonav_ws/install/ros2_aruco_interfaces/share/ros2_aruco_interfaces/cmake/ros2_aruco_interfacesConfig-version.cmake
[2.202s] -- Up-to-date symlink: /home/fuga1129/autonav_ws/install/ros2_aruco_interfaces/share/ros2_aruco_interfaces/package.xml
[2.202s] -- Up-to-date: /home/fuga1129/autonav_ws/install/ros2_aruco_interfaces/lib/libros2_aruco_interfaces__rosidl_generator_c.so
[2.203s] -- Up-to-date: /home/fuga1129/autonav_ws/install/ros2_aruco_interfaces/lib/libros2_aruco_interfaces__rosidl_typesupport_fastrtps_c.so
[2.203s] -- Up-to-date: /home/fuga1129/autonav_ws/install/ros2_aruco_interfaces/lib/libros2_aruco_interfaces__rosidl_typesupport_fastrtps_cpp.so
[2.203s] -- Up-to-date: /home/fuga1129/autonav_ws/install/ros2_aruco_interfaces/lib/libros2_aruco_interfaces__rosidl_typesupport_introspection_c.so
[2.203s] -- Up-to-date: /home/fuga1129/autonav_ws/install/ros2_aruco_interfaces/lib/libros2_aruco_interfaces__rosidl_typesupport_c.so
[2.204s] -- Up-to-date: /home/fuga1129/autonav_ws/install/ros2_aruco_interfaces/lib/libros2_aruco_interfaces__rosidl_typesupport_introspection_cpp.so
[2.204s] -- Up-to-date: /home/fuga1129/autonav_ws/install/ros2_aruco_interfaces/lib/libros2_aruco_interfaces__rosidl_typesupport_cpp.so
[2.234s] Listing '/home/fuga1129/autonav_ws/install/ros2_aruco_interfaces/local/lib/python3.10/dist-packages/ros2_aruco_interfaces'...
[2.234s] Compiling '/home/fuga1129/autonav_ws/install/ros2_aruco_interfaces/local/lib/python3.10/dist-packages/ros2_aruco_interfaces/__init__.py'...
[2.234s] Listing '/home/fuga1129/autonav_ws/install/ros2_aruco_interfaces/local/lib/python3.10/dist-packages/ros2_aruco_interfaces/msg'...
[2.239s] -- Up-to-date: /home/fuga1129/autonav_ws/install/ros2_aruco_interfaces/lib/libros2_aruco_interfaces__rosidl_generator_py.so
[2.239s] -- Up-to-date: /home/fuga1129/autonav_ws/install/ros2_aruco_interfaces/share/ros2_aruco_interfaces/cmake/export_ros2_aruco_interfaces__rosidl_generator_cExport.cmake
[2.239s] -- Up-to-date: /home/fuga1129/autonav_ws/install/ros2_aruco_interfaces/share/ros2_aruco_interfaces/cmake/export_ros2_aruco_interfaces__rosidl_generator_cExport-noconfig.cmake
[2.239s] -- Up-to-date: /home/fuga1129/autonav_ws/install/ros2_aruco_interfaces/share/ros2_aruco_interfaces/cmake/export_ros2_aruco_interfaces__rosidl_typesupport_fastrtps_cExport.cmake
[2.239s] -- Up-to-date: /home/fuga1129/autonav_ws/install/ros2_aruco_interfaces/share/ros2_aruco_interfaces/cmake/export_ros2_aruco_interfaces__rosidl_typesupport_fastrtps_cExport-noconfig.cmake
[2.240s] -- Up-to-date: /home/fuga1129/autonav_ws/install/ros2_aruco_interfaces/share/ros2_aruco_interfaces/cmake/export_ros2_aruco_interfaces__rosidl_generator_cppExport.cmake
[2.240s] -- Up-to-date: /home/fuga1129/autonav_ws/install/ros2_aruco_interfaces/share/ros2_aruco_interfaces/cmake/export_ros2_aruco_interfaces__rosidl_typesupport_fastrtps_cppExport.cmake
[2.240s] -- Up-to-date: /home/fuga1129/autonav_ws/install/ros2_aruco_interfaces/share/ros2_aruco_interfaces/cmake/export_ros2_aruco_interfaces__rosidl_typesupport_fastrtps_cppExport-noconfig.cmake
[2.240s] -- Up-to-date: /home/fuga1129/autonav_ws/install/ros2_aruco_interfaces/share/ros2_aruco_interfaces/cmake/ros2_aruco_interfaces__rosidl_typesupport_introspection_cExport.cmake
[2.240s] -- Up-to-date: /home/fuga1129/autonav_ws/install/ros2_aruco_interfaces/share/ros2_aruco_interfaces/cmake/ros2_aruco_interfaces__rosidl_typesupport_introspection_cExport-noconfig.cmake
[2.240s] -- Up-to-date: /home/fuga1129/autonav_ws/install/ros2_aruco_interfaces/share/ros2_aruco_interfaces/cmake/ros2_aruco_interfaces__rosidl_typesupport_cExport.cmake
[2.240s] -- Up-to-date: /home/fuga1129/autonav_ws/install/ros2_aruco_interfaces/share/ros2_aruco_interfaces/cmake/ros2_aruco_interfaces__rosidl_typesupport_cExport-noconfig.cmake
[2.240s] -- Up-to-date: /home/fuga1129/autonav_ws/install/ros2_aruco_interfaces/share/ros2_aruco_interfaces/cmake/ros2_aruco_interfaces__rosidl_typesupport_introspection_cppExport.cmake
[2.240s] -- Up-to-date: /home/fuga1129/autonav_ws/install/ros2_aruco_interfaces/share/ros2_aruco_interfaces/cmake/ros2_aruco_interfaces__rosidl_typesupport_introspection_cppExport-noconfig.cmake
[2.241s] -- Up-to-date: /home/fuga1129/autonav_ws/install/ros2_aruco_interfaces/share/ros2_aruco_interfaces/cmake/ros2_aruco_interfaces__rosidl_typesupport_cppExport.cmake
[2.241s] -- Up-to-date: /home/fuga1129/autonav_ws/install/ros2_aruco_interfaces/share/ros2_aruco_interfaces/cmake/ros2_aruco_interfaces__rosidl_typesupport_cppExport-noconfig.cmake
[2.241s] -- Up-to-date: /home/fuga1129/autonav_ws/install/ros2_aruco_interfaces/share/ros2_aruco_interfaces/cmake/export_ros2_aruco_interfaces__rosidl_generator_pyExport.cmake
[2.241s] -- Up-to-date: /home/fuga1129/autonav_ws/install/ros2_aruco_interfaces/share/ros2_aruco_interfaces/cmake/export_ros2_aruco_interfaces__rosidl_generator_pyExport-noconfig.cmake
[2.243s] Invoked command in '/home/fuga1129/autonav_ws/build/ros2_aruco_interfaces' returned '0': CMAKE_PREFIX_PATH=${CMAKE_PREFIX_PATH}:/home/fuga1129/moveit2_ws/install/moveit_configs_utils:/home/fuga1129/moveit2_ws/install/launch_param_builder:/opt/ros/humble /usr/bin/cmake --install /home/fuga1129/autonav_ws/build/ros2_aruco_interfaces
