[0.545s] Invoking command in '/home/fuga1129/autonav_ws/build/ros2_aruco_interfaces': CMAKE_PREFIX_PATH=${CMAKE_PREFIX_PATH}:/home/fuga1129/rosxbee_ws/install/rosxbeepy:/home/fuga1129/rosxbee_ws/install/rosxbeefinal:/home/fuga1129/gui_ws/install/pyqt_test:/home/fuga1129/aurora_sim_v2/install/yolov8_ros2:/home/fuga1129/aurora_sim_v2/install/aurora_autonav:/home/fuga1129/aurora_sim_v2/install/ros2_aruco:/home/fuga1129/aurora_sim_v2/install/opencv_ros2:/home/fuga1129/aurora_sim_v2/install/aurora_drive:/home/fuga1129/aurora_sim_v2/install/aurora1:/home/fuga1129/moveit2_ws/install/moveit_configs_utils:/home/fuga1129/moveit2_ws/install/launch_param_builder:/opt/ros/humble /usr/bin/cmake --build /home/fuga1129/autonav_ws/build/ros2_aruco_interfaces -- -j12 -l12
[0.616s] [  9%] Built target ros2_aruco_interfaces__rosidl_generator_c
[0.617s] [ 12%] Built target ros2_aruco_interfaces__cpp
[0.627s] [ 12%] Built target ament_cmake_python_symlink_ros2_aruco_interfaces
[0.647s] [ 32%] Built target ros2_aruco_interfaces__rosidl_typesupport_introspection_cpp
[0.648s] [ 32%] Built target ros2_aruco_interfaces__rosidl_typesupport_c
[0.648s] [ 41%] Built target ros2_aruco_interfaces__rosidl_typesupport_fastrtps_c
[0.648s] [ 67%] Built target ros2_aruco_interfaces__rosidl_typesupport_introspection_c
[0.649s] [ 67%] Built target ros2_aruco_interfaces__rosidl_typesupport_fastrtps_cpp
[0.649s] [ 70%] Built target ros2_aruco_interfaces__rosidl_typesupport_cpp
[0.673s] [ 70%] Built target ros2_aruco_interfaces
[0.701s] [ 74%] Built target ros2_aruco_interfaces__py
[0.717s] [35m[1mConsolidate compiler generated dependencies of target ros2_aruco_interfaces__rosidl_generator_py[0m
[0.731s] [ 80%] Built target ros2_aruco_interfaces__rosidl_generator_py
[0.744s] [35m[1mConsolidate compiler generated dependencies of target ros2_aruco_interfaces__rosidl_typesupport_fastrtps_c__pyext[0m
[0.747s] [35m[1mConsolidate compiler generated dependencies of target ros2_aruco_interfaces__rosidl_typesupport_introspection_c__pyext[0m
[0.747s] [35m[1mConsolidate compiler generated dependencies of target ros2_aruco_interfaces__rosidl_typesupport_c__pyext[0m
[0.759s] [ 87%] Built target ros2_aruco_interfaces__rosidl_typesupport_c__pyext
[0.760s] [ 93%] Built target ros2_aruco_interfaces__rosidl_typesupport_fastrtps_c__pyext
[0.762s] [100%] Built target ros2_aruco_interfaces__rosidl_typesupport_introspection_c__pyext
[0.817s] running egg_info
[0.818s] writing ros2_aruco_interfaces.egg-info/PKG-INFO
[0.818s] writing dependency_links to ros2_aruco_interfaces.egg-info/dependency_links.txt
[0.818s] writing top-level names to ros2_aruco_interfaces.egg-info/top_level.txt
[0.821s] reading manifest file 'ros2_aruco_interfaces.egg-info/SOURCES.txt'
[0.822s] writing manifest file 'ros2_aruco_interfaces.egg-info/SOURCES.txt'
[0.851s] [100%] Built target ament_cmake_python_build_ros2_aruco_interfaces_egg
[0.866s] Invoked command in '/home/fuga1129/autonav_ws/build/ros2_aruco_interfaces' returned '0': CMAKE_PREFIX_PATH=${CMAKE_PREFIX_PATH}:/home/fuga1129/rosxbee_ws/install/rosxbeepy:/home/fuga1129/rosxbee_ws/install/rosxbeefinal:/home/fuga1129/gui_ws/install/pyqt_test:/home/fuga1129/aurora_sim_v2/install/yolov8_ros2:/home/fuga1129/aurora_sim_v2/install/aurora_autonav:/home/fuga1129/aurora_sim_v2/install/ros2_aruco:/home/fuga1129/aurora_sim_v2/install/opencv_ros2:/home/fuga1129/aurora_sim_v2/install/aurora_drive:/home/fuga1129/aurora_sim_v2/install/aurora1:/home/fuga1129/moveit2_ws/install/moveit_configs_utils:/home/fuga1129/moveit2_ws/install/launch_param_builder:/opt/ros/humble /usr/bin/cmake --build /home/fuga1129/autonav_ws/build/ros2_aruco_interfaces -- -j12 -l12
[0.878s] Invoking command in '/home/fuga1129/autonav_ws/build/ros2_aruco_interfaces': CMAKE_PREFIX_PATH=${CMAKE_PREFIX_PATH}:/home/fuga1129/rosxbee_ws/install/rosxbeepy:/home/fuga1129/rosxbee_ws/install/rosxbeefinal:/home/fuga1129/gui_ws/install/pyqt_test:/home/fuga1129/aurora_sim_v2/install/yolov8_ros2:/home/fuga1129/aurora_sim_v2/install/aurora_autonav:/home/fuga1129/aurora_sim_v2/install/ros2_aruco:/home/fuga1129/aurora_sim_v2/install/opencv_ros2:/home/fuga1129/aurora_sim_v2/install/aurora_drive:/home/fuga1129/aurora_sim_v2/install/aurora1:/home/fuga1129/moveit2_ws/install/moveit_configs_utils:/home/fuga1129/moveit2_ws/install/launch_param_builder:/opt/ros/humble /usr/bin/cmake --install /home/fuga1129/autonav_ws/build/ros2_aruco_interfaces
[0.889s] -- Install configuration: ""
[0.889s] -- Execute custom install script
[0.890s] -- Up-to-date symlink: /home/fuga1129/autonav_ws/install/ros2_aruco_interfaces/share/ament_index/resource_index/rosidl_interfaces/ros2_aruco_interfaces
[0.890s] -- Up-to-date symlink: /home/fuga1129/autonav_ws/install/ros2_aruco_interfaces/include/ros2_aruco_interfaces/ros2_aruco_interfaces/msg/aruco_markers.h
[0.891s] -- Up-to-date symlink: /home/fuga1129/autonav_ws/install/ros2_aruco_interfaces/include/ros2_aruco_interfaces/ros2_aruco_interfaces/msg/detail/aruco_markers__functions.h
[0.891s] -- Up-to-date symlink: /home/fuga1129/autonav_ws/install/ros2_aruco_interfaces/include/ros2_aruco_interfaces/ros2_aruco_interfaces/msg/detail/aruco_markers__struct.h
[0.891s] -- Up-to-date symlink: /home/fuga1129/autonav_ws/install/ros2_aruco_interfaces/include/ros2_aruco_interfaces/ros2_aruco_interfaces/msg/detail/aruco_markers__type_support.h
[0.891s] -- Up-to-date symlink: /home/fuga1129/autonav_ws/install/ros2_aruco_interfaces/include/ros2_aruco_interfaces/ros2_aruco_interfaces/msg/rosidl_generator_c__visibility_control.h
[0.891s] -- Up-to-date symlink: /home/fuga1129/autonav_ws/install/ros2_aruco_interfaces/share/ros2_aruco_interfaces/environment/library_path.sh
[0.891s] -- Up-to-date symlink: /home/fuga1129/autonav_ws/install/ros2_aruco_interfaces/share/ros2_aruco_interfaces/environment/library_path.dsv
[0.891s] -- Up-to-date symlink: /home/fuga1129/autonav_ws/install/ros2_aruco_interfaces/include/ros2_aruco_interfaces/ros2_aruco_interfaces/msg/detail/aruco_markers__rosidl_typesupport_fastrtps_c.h
[0.892s] -- Up-to-date symlink: /home/fuga1129/autonav_ws/install/ros2_aruco_interfaces/include/ros2_aruco_interfaces/ros2_aruco_interfaces/msg/rosidl_typesupport_fastrtps_c__visibility_control.h
[0.892s] -- Up-to-date symlink: /home/fuga1129/autonav_ws/install/ros2_aruco_interfaces/include/ros2_aruco_interfaces/ros2_aruco_interfaces/msg/aruco_markers.hpp
[0.892s] -- Up-to-date symlink: /home/fuga1129/autonav_ws/install/ros2_aruco_interfaces/include/ros2_aruco_interfaces/ros2_aruco_interfaces/msg/detail/aruco_markers__builder.hpp
[0.892s] -- Up-to-date symlink: /home/fuga1129/autonav_ws/install/ros2_aruco_interfaces/include/ros2_aruco_interfaces/ros2_aruco_interfaces/msg/detail/aruco_markers__struct.hpp
[0.892s] -- Up-to-date symlink: /home/fuga1129/autonav_ws/install/ros2_aruco_interfaces/include/ros2_aruco_interfaces/ros2_aruco_interfaces/msg/detail/aruco_markers__traits.hpp
[0.892s] -- Up-to-date symlink: /home/fuga1129/autonav_ws/install/ros2_aruco_interfaces/include/ros2_aruco_interfaces/ros2_aruco_interfaces/msg/detail/aruco_markers__type_support.hpp
[0.892s] -- Up-to-date symlink: /home/fuga1129/autonav_ws/install/ros2_aruco_interfaces/include/ros2_aruco_interfaces/ros2_aruco_interfaces/msg/rosidl_generator_cpp__visibility_control.hpp
[0.893s] -- Up-to-date symlink: /home/fuga1129/autonav_ws/install/ros2_aruco_interfaces/include/ros2_aruco_interfaces/ros2_aruco_interfaces/msg/detail/aruco_markers__rosidl_typesupport_fastrtps_cpp.hpp
[0.893s] -- Up-to-date symlink: /home/fuga1129/autonav_ws/install/ros2_aruco_interfaces/include/ros2_aruco_interfaces/ros2_aruco_interfaces/msg/rosidl_typesupport_fastrtps_cpp__visibility_control.h
[0.893s] -- Up-to-date symlink: /home/fuga1129/autonav_ws/install/ros2_aruco_interfaces/include/ros2_aruco_interfaces/ros2_aruco_interfaces/msg/detail/aruco_markers__rosidl_typesupport_introspection_c.h
[0.893s] -- Up-to-date symlink: /home/fuga1129/autonav_ws/install/ros2_aruco_interfaces/include/ros2_aruco_interfaces/ros2_aruco_interfaces/msg/rosidl_typesupport_introspection_c__visibility_control.h
[0.893s] -- Up-to-date symlink: /home/fuga1129/autonav_ws/install/ros2_aruco_interfaces/include/ros2_aruco_interfaces/ros2_aruco_interfaces/msg/detail/aruco_markers__rosidl_typesupport_introspection_cpp.hpp
[0.894s] -- Up-to-date symlink: /home/fuga1129/autonav_ws/install/ros2_aruco_interfaces/share/ros2_aruco_interfaces/environment/pythonpath.sh
[0.894s] -- Up-to-date symlink: /home/fuga1129/autonav_ws/install/ros2_aruco_interfaces/share/ros2_aruco_interfaces/environment/pythonpath.dsv
[0.894s] -- Up-to-date symlink: /home/fuga1129/autonav_ws/install/ros2_aruco_interfaces/local/lib/python3.10/dist-packages/ros2_aruco_interfaces-0.1.0-py3.10.egg-info/PKG-INFO
[0.894s] -- Up-to-date symlink: /home/fuga1129/autonav_ws/install/ros2_aruco_interfaces/local/lib/python3.10/dist-packages/ros2_aruco_interfaces-0.1.0-py3.10.egg-info/SOURCES.txt
[0.894s] -- Up-to-date symlink: /home/fuga1129/autonav_ws/install/ros2_aruco_interfaces/local/lib/python3.10/dist-packages/ros2_aruco_interfaces-0.1.0-py3.10.egg-info/dependency_links.txt
[0.894s] -- Up-to-date symlink: /home/fuga1129/autonav_ws/install/ros2_aruco_interfaces/local/lib/python3.10/dist-packages/ros2_aruco_interfaces-0.1.0-py3.10.egg-info/top_level.txt
[0.895s] -- Up-to-date symlink: /home/fuga1129/autonav_ws/install/ros2_aruco_interfaces/local/lib/python3.10/dist-packages/ros2_aruco_interfaces/__init__.py
[0.895s] -- Up-to-date symlink: /home/fuga1129/autonav_ws/install/ros2_aruco_interfaces/local/lib/python3.10/dist-packages/ros2_aruco_interfaces/_ros2_aruco_interfaces_s.ep.rosidl_typesupport_c.c
[0.895s] -- Up-to-date symlink: /home/fuga1129/autonav_ws/install/ros2_aruco_interfaces/local/lib/python3.10/dist-packages/ros2_aruco_interfaces/_ros2_aruco_interfaces_s.ep.rosidl_typesupport_fastrtps_c.c
[0.895s] -- Up-to-date symlink: /home/fuga1129/autonav_ws/install/ros2_aruco_interfaces/local/lib/python3.10/dist-packages/ros2_aruco_interfaces/_ros2_aruco_interfaces_s.ep.rosidl_typesupport_introspection_c.c
[0.895s] -- Up-to-date symlink: /home/fuga1129/autonav_ws/install/ros2_aruco_interfaces/local/lib/python3.10/dist-packages/ros2_aruco_interfaces/libros2_aruco_interfaces__rosidl_generator_py.so
[0.895s] -- Up-to-date symlink: /home/fuga1129/autonav_ws/install/ros2_aruco_interfaces/local/lib/python3.10/dist-packages/ros2_aruco_interfaces/msg/__init__.py
[0.895s] -- Up-to-date symlink: /home/fuga1129/autonav_ws/install/ros2_aruco_interfaces/local/lib/python3.10/dist-packages/ros2_aruco_interfaces/msg/_aruco_markers.py
[0.895s] -- Up-to-date symlink: /home/fuga1129/autonav_ws/install/ros2_aruco_interfaces/local/lib/python3.10/dist-packages/ros2_aruco_interfaces/msg/_aruco_markers_s.c
[0.896s] -- Up-to-date symlink: /home/fuga1129/autonav_ws/install/ros2_aruco_interfaces/local/lib/python3.10/dist-packages/ros2_aruco_interfaces/ros2_aruco_interfaces_s__rosidl_typesupport_c.cpython-310-x86_64-linux-gnu.so
[0.896s] -- Up-to-date symlink: /home/fuga1129/autonav_ws/install/ros2_aruco_interfaces/local/lib/python3.10/dist-packages/ros2_aruco_interfaces/ros2_aruco_interfaces_s__rosidl_typesupport_fastrtps_c.cpython-310-x86_64-linux-gnu.so
[0.896s] -- Up-to-date symlink: /home/fuga1129/autonav_ws/install/ros2_aruco_interfaces/local/lib/python3.10/dist-packages/ros2_aruco_interfaces/ros2_aruco_interfaces_s__rosidl_typesupport_introspection_c.cpython-310-x86_64-linux-gnu.so
[0.896s] -- Up-to-date symlink: /home/fuga1129/autonav_ws/install/ros2_aruco_interfaces/local/lib/python3.10/dist-packages/ros2_aruco_interfaces/ros2_aruco_interfaces_s__rosidl_typesupport_fastrtps_c.cpython-310-x86_64-linux-gnu.so
[0.896s] -- Up-to-date symlink: /home/fuga1129/autonav_ws/install/ros2_aruco_interfaces/local/lib/python3.10/dist-packages/ros2_aruco_interfaces/ros2_aruco_interfaces_s__rosidl_typesupport_introspection_c.cpython-310-x86_64-linux-gnu.so
[0.897s] -- Up-to-date symlink: /home/fuga1129/autonav_ws/install/ros2_aruco_interfaces/local/lib/python3.10/dist-packages/ros2_aruco_interfaces/ros2_aruco_interfaces_s__rosidl_typesupport_c.cpython-310-x86_64-linux-gnu.so
[0.897s] -- Up-to-date symlink: /home/fuga1129/autonav_ws/install/ros2_aruco_interfaces/share/ros2_aruco_interfaces/msg/ArucoMarkers.idl
[0.897s] -- Up-to-date symlink: /home/fuga1129/autonav_ws/install/ros2_aruco_interfaces/share/ros2_aruco_interfaces/msg/ArucoMarkers.msg
[0.897s] -- Up-to-date symlink: /home/fuga1129/autonav_ws/install/ros2_aruco_interfaces/share/ament_index/resource_index/package_run_dependencies/ros2_aruco_interfaces
[0.897s] -- Up-to-date symlink: /home/fuga1129/autonav_ws/install/ros2_aruco_interfaces/share/ament_index/resource_index/parent_prefix_path/ros2_aruco_interfaces
[0.897s] -- Up-to-date symlink: /home/fuga1129/autonav_ws/install/ros2_aruco_interfaces/share/ros2_aruco_interfaces/environment/ament_prefix_path.sh
[0.898s] -- Up-to-date symlink: /home/fuga1129/autonav_ws/install/ros2_aruco_interfaces/share/ros2_aruco_interfaces/environment/ament_prefix_path.dsv
[0.898s] -- Up-to-date symlink: /home/fuga1129/autonav_ws/install/ros2_aruco_interfaces/share/ros2_aruco_interfaces/environment/path.sh
[0.898s] -- Up-to-date symlink: /home/fuga1129/autonav_ws/install/ros2_aruco_interfaces/share/ros2_aruco_interfaces/environment/path.dsv
[0.898s] -- Up-to-date symlink: /home/fuga1129/autonav_ws/install/ros2_aruco_interfaces/share/ros2_aruco_interfaces/local_setup.bash
[0.898s] -- Up-to-date symlink: /home/fuga1129/autonav_ws/install/ros2_aruco_interfaces/share/ros2_aruco_interfaces/local_setup.sh
[0.898s] -- Up-to-date symlink: /home/fuga1129/autonav_ws/install/ros2_aruco_interfaces/share/ros2_aruco_interfaces/local_setup.zsh
[0.898s] -- Up-to-date symlink: /home/fuga1129/autonav_ws/install/ros2_aruco_interfaces/share/ros2_aruco_interfaces/local_setup.dsv
[0.899s] -- Symlinking: /home/fuga1129/autonav_ws/install/ros2_aruco_interfaces/share/ros2_aruco_interfaces/package.dsv
[0.910s] -- Up-to-date symlink: /home/fuga1129/autonav_ws/install/ros2_aruco_interfaces/share/ament_index/resource_index/packages/ros2_aruco_interfaces
[0.910s] -- Up-to-date symlink: /home/fuga1129/autonav_ws/install/ros2_aruco_interfaces/share/ros2_aruco_interfaces/cmake/rosidl_cmake-extras.cmake
[0.910s] -- Up-to-date symlink: /home/fuga1129/autonav_ws/install/ros2_aruco_interfaces/share/ros2_aruco_interfaces/cmake/ament_cmake_export_dependencies-extras.cmake
[0.910s] -- Up-to-date symlink: /home/fuga1129/autonav_ws/install/ros2_aruco_interfaces/share/ros2_aruco_interfaces/cmake/ament_cmake_export_include_directories-extras.cmake
[0.910s] -- Up-to-date symlink: /home/fuga1129/autonav_ws/install/ros2_aruco_interfaces/share/ros2_aruco_interfaces/cmake/ament_cmake_export_libraries-extras.cmake
[0.911s] -- Up-to-date symlink: /home/fuga1129/autonav_ws/install/ros2_aruco_interfaces/share/ros2_aruco_interfaces/cmake/ament_cmake_export_targets-extras.cmake
[0.911s] -- Up-to-date symlink: /home/fuga1129/autonav_ws/install/ros2_aruco_interfaces/share/ros2_aruco_interfaces/cmake/rosidl_cmake_export_typesupport_targets-extras.cmake
[0.911s] -- Up-to-date symlink: /home/fuga1129/autonav_ws/install/ros2_aruco_interfaces/share/ros2_aruco_interfaces/cmake/rosidl_cmake_export_typesupport_libraries-extras.cmake
[0.911s] -- Up-to-date symlink: /home/fuga1129/autonav_ws/install/ros2_aruco_interfaces/share/ros2_aruco_interfaces/cmake/ros2_aruco_interfacesConfig.cmake
[0.911s] -- Up-to-date symlink: /home/fuga1129/autonav_ws/install/ros2_aruco_interfaces/share/ros2_aruco_interfaces/cmake/ros2_aruco_interfacesConfig-version.cmake
[0.911s] -- Up-to-date symlink: /home/fuga1129/autonav_ws/install/ros2_aruco_interfaces/share/ros2_aruco_interfaces/package.xml
[0.911s] -- Up-to-date: /home/fuga1129/autonav_ws/install/ros2_aruco_interfaces/lib/libros2_aruco_interfaces__rosidl_generator_c.so
[0.912s] -- Up-to-date: /home/fuga1129/autonav_ws/install/ros2_aruco_interfaces/lib/libros2_aruco_interfaces__rosidl_typesupport_fastrtps_c.so
[0.913s] -- Up-to-date: /home/fuga1129/autonav_ws/install/ros2_aruco_interfaces/lib/libros2_aruco_interfaces__rosidl_typesupport_fastrtps_cpp.so
[0.913s] -- Up-to-date: /home/fuga1129/autonav_ws/install/ros2_aruco_interfaces/lib/libros2_aruco_interfaces__rosidl_typesupport_introspection_c.so
[0.914s] -- Up-to-date: /home/fuga1129/autonav_ws/install/ros2_aruco_interfaces/lib/libros2_aruco_interfaces__rosidl_typesupport_c.so
[0.914s] -- Up-to-date: /home/fuga1129/autonav_ws/install/ros2_aruco_interfaces/lib/libros2_aruco_interfaces__rosidl_typesupport_introspection_cpp.so
[0.915s] -- Up-to-date: /home/fuga1129/autonav_ws/install/ros2_aruco_interfaces/lib/libros2_aruco_interfaces__rosidl_typesupport_cpp.so
[0.947s] Listing '/home/fuga1129/autonav_ws/install/ros2_aruco_interfaces/local/lib/python3.10/dist-packages/ros2_aruco_interfaces'...
[0.948s] Listing '/home/fuga1129/autonav_ws/install/ros2_aruco_interfaces/local/lib/python3.10/dist-packages/ros2_aruco_interfaces/msg'...
[0.951s] -- Up-to-date: /home/fuga1129/autonav_ws/install/ros2_aruco_interfaces/lib/libros2_aruco_interfaces__rosidl_generator_py.so
[0.952s] -- Up-to-date: /home/fuga1129/autonav_ws/install/ros2_aruco_interfaces/share/ros2_aruco_interfaces/cmake/export_ros2_aruco_interfaces__rosidl_generator_cExport.cmake
[0.952s] -- Up-to-date: /home/fuga1129/autonav_ws/install/ros2_aruco_interfaces/share/ros2_aruco_interfaces/cmake/export_ros2_aruco_interfaces__rosidl_generator_cExport-noconfig.cmake
[0.952s] -- Up-to-date: /home/fuga1129/autonav_ws/install/ros2_aruco_interfaces/share/ros2_aruco_interfaces/cmake/export_ros2_aruco_interfaces__rosidl_typesupport_fastrtps_cExport.cmake
[0.952s] -- Up-to-date: /home/fuga1129/autonav_ws/install/ros2_aruco_interfaces/share/ros2_aruco_interfaces/cmake/export_ros2_aruco_interfaces__rosidl_typesupport_fastrtps_cExport-noconfig.cmake
[0.952s] -- Up-to-date: /home/fuga1129/autonav_ws/install/ros2_aruco_interfaces/share/ros2_aruco_interfaces/cmake/export_ros2_aruco_interfaces__rosidl_generator_cppExport.cmake
[0.953s] -- Up-to-date: /home/fuga1129/autonav_ws/install/ros2_aruco_interfaces/share/ros2_aruco_interfaces/cmake/export_ros2_aruco_interfaces__rosidl_typesupport_fastrtps_cppExport.cmake
[0.953s] -- Up-to-date: /home/fuga1129/autonav_ws/install/ros2_aruco_interfaces/share/ros2_aruco_interfaces/cmake/export_ros2_aruco_interfaces__rosidl_typesupport_fastrtps_cppExport-noconfig.cmake
[0.953s] -- Up-to-date: /home/fuga1129/autonav_ws/install/ros2_aruco_interfaces/share/ros2_aruco_interfaces/cmake/ros2_aruco_interfaces__rosidl_typesupport_introspection_cExport.cmake
[0.953s] -- Up-to-date: /home/fuga1129/autonav_ws/install/ros2_aruco_interfaces/share/ros2_aruco_interfaces/cmake/ros2_aruco_interfaces__rosidl_typesupport_introspection_cExport-noconfig.cmake
[0.953s] -- Up-to-date: /home/fuga1129/autonav_ws/install/ros2_aruco_interfaces/share/ros2_aruco_interfaces/cmake/ros2_aruco_interfaces__rosidl_typesupport_cExport.cmake
[0.954s] -- Up-to-date: /home/fuga1129/autonav_ws/install/ros2_aruco_interfaces/share/ros2_aruco_interfaces/cmake/ros2_aruco_interfaces__rosidl_typesupport_cExport-noconfig.cmake
[0.954s] -- Up-to-date: /home/fuga1129/autonav_ws/install/ros2_aruco_interfaces/share/ros2_aruco_interfaces/cmake/ros2_aruco_interfaces__rosidl_typesupport_introspection_cppExport.cmake
[0.954s] -- Up-to-date: /home/fuga1129/autonav_ws/install/ros2_aruco_interfaces/share/ros2_aruco_interfaces/cmake/ros2_aruco_interfaces__rosidl_typesupport_introspection_cppExport-noconfig.cmake
[0.954s] -- Up-to-date: /home/fuga1129/autonav_ws/install/ros2_aruco_interfaces/share/ros2_aruco_interfaces/cmake/ros2_aruco_interfaces__rosidl_typesupport_cppExport.cmake
[0.954s] -- Up-to-date: /home/fuga1129/autonav_ws/install/ros2_aruco_interfaces/share/ros2_aruco_interfaces/cmake/ros2_aruco_interfaces__rosidl_typesupport_cppExport-noconfig.cmake
[0.955s] -- Up-to-date: /home/fuga1129/autonav_ws/install/ros2_aruco_interfaces/share/ros2_aruco_interfaces/cmake/export_ros2_aruco_interfaces__rosidl_generator_pyExport.cmake
[0.955s] -- Up-to-date: /home/fuga1129/autonav_ws/install/ros2_aruco_interfaces/share/ros2_aruco_interfaces/cmake/export_ros2_aruco_interfaces__rosidl_generator_pyExport-noconfig.cmake
[0.957s] Invoked command in '/home/fuga1129/autonav_ws/build/ros2_aruco_interfaces' returned '0': CMAKE_PREFIX_PATH=${CMAKE_PREFIX_PATH}:/home/fuga1129/rosxbee_ws/install/rosxbeepy:/home/fuga1129/rosxbee_ws/install/rosxbeefinal:/home/fuga1129/gui_ws/install/pyqt_test:/home/fuga1129/aurora_sim_v2/install/yolov8_ros2:/home/fuga1129/aurora_sim_v2/install/aurora_autonav:/home/fuga1129/aurora_sim_v2/install/ros2_aruco:/home/fuga1129/aurora_sim_v2/install/opencv_ros2:/home/fuga1129/aurora_sim_v2/install/aurora_drive:/home/fuga1129/aurora_sim_v2/install/aurora1:/home/fuga1129/moveit2_ws/install/moveit_configs_utils:/home/fuga1129/moveit2_ws/install/launch_param_builder:/opt/ros/humble /usr/bin/cmake --install /home/fuga1129/autonav_ws/build/ros2_aruco_interfaces
