[0.559s] Invoking command in '/home/fuga1129/autonav_ws/build/ros2_aruco_interfaces': CMAKE_PREFIX_PATH=${CMAKE_PREFIX_PATH}:/home/fuga1129/autonav_ws/install/ros2_aruco:/home/fuga1129/autonav_ws/install/opencv_ros2:/home/fuga1129/autonav_ws/install/autonav:/home/fuga1129/rosxbee_ws/install/rosxbeepy:/home/fuga1129/rosxbee_ws/install/rosxbeefinal:/home/fuga1129/gui_ws/install/pyqt_test:/home/fuga1129/aurora_sim_v2/install/yolov8_ros2:/home/fuga1129/aurora_sim_v2/install/aurora_autonav:/home/fuga1129/aurora_sim_v2/install/ros2_aruco:/home/fuga1129/aurora_sim_v2/install/opencv_ros2:/home/fuga1129/aurora_sim_v2/install/aurora_drive:/home/fuga1129/aurora_sim_v2/install/aurora1:/home/fuga1129/moveit2_ws/install/moveit_configs_utils:/home/fuga1129/moveit2_ws/install/launch_param_builder:/opt/ros/humble /usr/bin/cmake --build /home/fuga1129/autonav_ws/build/ros2_aruco_interfaces -- -j12 -l12
[0.791s] [  3%] Built target ros2_aruco_interfaces__cpp
[0.799s] [  3%] Built target ament_cmake_python_symlink_ros2_aruco_interfaces
[0.875s] [ 12%] Built target ros2_aruco_interfaces__rosidl_typesupport_introspection_cpp
[0.876s] [ 22%] Built target ros2_aruco_interfaces__rosidl_typesupport_cpp
[0.877s] [ 32%] Built target ros2_aruco_interfaces__rosidl_typesupport_fastrtps_cpp
[0.881s] [ 41%] Built target ros2_aruco_interfaces__rosidl_generator_c
[0.929s] [ 51%] Built target ros2_aruco_interfaces__rosidl_typesupport_c
[0.933s] [ 61%] Built target ros2_aruco_interfaces__rosidl_typesupport_fastrtps_c
[0.936s] [ 70%] Built target ros2_aruco_interfaces__rosidl_typesupport_introspection_c
[0.973s] [ 70%] Built target ros2_aruco_interfaces
[1.016s] [ 74%] Built target ros2_aruco_interfaces__py
[1.018s] running egg_info
[1.019s] writing ros2_aruco_interfaces.egg-info/PKG-INFO
[1.019s] writing dependency_links to ros2_aruco_interfaces.egg-info/dependency_links.txt
[1.019s] writing top-level names to ros2_aruco_interfaces.egg-info/top_level.txt
[1.020s] reading manifest file 'ros2_aruco_interfaces.egg-info/SOURCES.txt'
[1.021s] writing manifest file 'ros2_aruco_interfaces.egg-info/SOURCES.txt'
[1.048s] [ 74%] Built target ament_cmake_python_build_ros2_aruco_interfaces_egg
[1.089s] [ 80%] Built target ros2_aruco_interfaces__rosidl_generator_py
[1.137s] [100%] Built target ros2_aruco_interfaces__rosidl_typesupport_fastrtps_c__pyext
[1.137s] [100%] Built target ros2_aruco_interfaces__rosidl_typesupport_introspection_c__pyext
[1.137s] [100%] Built target ros2_aruco_interfaces__rosidl_typesupport_c__pyext
[1.151s] Invoked command in '/home/fuga1129/autonav_ws/build/ros2_aruco_interfaces' returned '0': CMAKE_PREFIX_PATH=${CMAKE_PREFIX_PATH}:/home/fuga1129/autonav_ws/install/ros2_aruco:/home/fuga1129/autonav_ws/install/opencv_ros2:/home/fuga1129/autonav_ws/install/autonav:/home/fuga1129/rosxbee_ws/install/rosxbeepy:/home/fuga1129/rosxbee_ws/install/rosxbeefinal:/home/fuga1129/gui_ws/install/pyqt_test:/home/fuga1129/aurora_sim_v2/install/yolov8_ros2:/home/fuga1129/aurora_sim_v2/install/aurora_autonav:/home/fuga1129/aurora_sim_v2/install/ros2_aruco:/home/fuga1129/aurora_sim_v2/install/opencv_ros2:/home/fuga1129/aurora_sim_v2/install/aurora_drive:/home/fuga1129/aurora_sim_v2/install/aurora1:/home/fuga1129/moveit2_ws/install/moveit_configs_utils:/home/fuga1129/moveit2_ws/install/launch_param_builder:/opt/ros/humble /usr/bin/cmake --build /home/fuga1129/autonav_ws/build/ros2_aruco_interfaces -- -j12 -l12
[1.172s] Invoking command in '/home/fuga1129/autonav_ws/build/ros2_aruco_interfaces': CMAKE_PREFIX_PATH=${CMAKE_PREFIX_PATH}:/home/fuga1129/autonav_ws/install/ros2_aruco:/home/fuga1129/autonav_ws/install/opencv_ros2:/home/fuga1129/autonav_ws/install/autonav:/home/fuga1129/rosxbee_ws/install/rosxbeepy:/home/fuga1129/rosxbee_ws/install/rosxbeefinal:/home/fuga1129/gui_ws/install/pyqt_test:/home/fuga1129/aurora_sim_v2/install/yolov8_ros2:/home/fuga1129/aurora_sim_v2/install/aurora_autonav:/home/fuga1129/aurora_sim_v2/install/ros2_aruco:/home/fuga1129/aurora_sim_v2/install/opencv_ros2:/home/fuga1129/aurora_sim_v2/install/aurora_drive:/home/fuga1129/aurora_sim_v2/install/aurora1:/home/fuga1129/moveit2_ws/install/moveit_configs_utils:/home/fuga1129/moveit2_ws/install/launch_param_builder:/opt/ros/humble /usr/bin/cmake --install /home/fuga1129/autonav_ws/build/ros2_aruco_interfaces
[1.194s] -- Install configuration: ""
[1.198s] -- Execute custom install script
[1.198s] -- Up-to-date symlink: /home/fuga1129/autonav_ws/install/ros2_aruco_interfaces/share/ament_index/resource_index/rosidl_interfaces/ros2_aruco_interfaces
[1.198s] -- Up-to-date symlink: /home/fuga1129/autonav_ws/install/ros2_aruco_interfaces/include/ros2_aruco_interfaces/ros2_aruco_interfaces/msg/aruco_markers.h
[1.198s] -- Up-to-date symlink: /home/fuga1129/autonav_ws/install/ros2_aruco_interfaces/include/ros2_aruco_interfaces/ros2_aruco_interfaces/msg/detail/aruco_markers__functions.h
[1.198s] -- Up-to-date symlink: /home/fuga1129/autonav_ws/install/ros2_aruco_interfaces/include/ros2_aruco_interfaces/ros2_aruco_interfaces/msg/detail/aruco_markers__struct.h
[1.198s] -- Up-to-date symlink: /home/fuga1129/autonav_ws/install/ros2_aruco_interfaces/include/ros2_aruco_interfaces/ros2_aruco_interfaces/msg/detail/aruco_markers__type_support.h
[1.198s] -- Up-to-date symlink: /home/fuga1129/autonav_ws/install/ros2_aruco_interfaces/include/ros2_aruco_interfaces/ros2_aruco_interfaces/msg/rosidl_generator_c__visibility_control.h
[1.199s] -- Up-to-date symlink: /home/fuga1129/autonav_ws/install/ros2_aruco_interfaces/share/ros2_aruco_interfaces/environment/library_path.sh
[1.199s] -- Up-to-date symlink: /home/fuga1129/autonav_ws/install/ros2_aruco_interfaces/share/ros2_aruco_interfaces/environment/library_path.dsv
[1.199s] -- Up-to-date symlink: /home/fuga1129/autonav_ws/install/ros2_aruco_interfaces/include/ros2_aruco_interfaces/ros2_aruco_interfaces/msg/detail/aruco_markers__rosidl_typesupport_fastrtps_c.h
[1.199s] -- Up-to-date symlink: /home/fuga1129/autonav_ws/install/ros2_aruco_interfaces/include/ros2_aruco_interfaces/ros2_aruco_interfaces/msg/rosidl_typesupport_fastrtps_c__visibility_control.h
[1.199s] -- Up-to-date symlink: /home/fuga1129/autonav_ws/install/ros2_aruco_interfaces/include/ros2_aruco_interfaces/ros2_aruco_interfaces/msg/aruco_markers.hpp
[1.199s] -- Up-to-date symlink: /home/fuga1129/autonav_ws/install/ros2_aruco_interfaces/include/ros2_aruco_interfaces/ros2_aruco_interfaces/msg/detail/aruco_markers__builder.hpp
[1.200s] -- Up-to-date symlink: /home/fuga1129/autonav_ws/install/ros2_aruco_interfaces/include/ros2_aruco_interfaces/ros2_aruco_interfaces/msg/detail/aruco_markers__struct.hpp
[1.200s] -- Up-to-date symlink: /home/fuga1129/autonav_ws/install/ros2_aruco_interfaces/include/ros2_aruco_interfaces/ros2_aruco_interfaces/msg/detail/aruco_markers__traits.hpp
[1.200s] -- Up-to-date symlink: /home/fuga1129/autonav_ws/install/ros2_aruco_interfaces/include/ros2_aruco_interfaces/ros2_aruco_interfaces/msg/detail/aruco_markers__type_support.hpp
[1.200s] -- Up-to-date symlink: /home/fuga1129/autonav_ws/install/ros2_aruco_interfaces/include/ros2_aruco_interfaces/ros2_aruco_interfaces/msg/rosidl_generator_cpp__visibility_control.hpp
[1.200s] -- Up-to-date symlink: /home/fuga1129/autonav_ws/install/ros2_aruco_interfaces/include/ros2_aruco_interfaces/ros2_aruco_interfaces/msg/detail/aruco_markers__rosidl_typesupport_fastrtps_cpp.hpp
[1.200s] -- Up-to-date symlink: /home/fuga1129/autonav_ws/install/ros2_aruco_interfaces/include/ros2_aruco_interfaces/ros2_aruco_interfaces/msg/rosidl_typesupport_fastrtps_cpp__visibility_control.h
[1.201s] -- Up-to-date symlink: /home/fuga1129/autonav_ws/install/ros2_aruco_interfaces/include/ros2_aruco_interfaces/ros2_aruco_interfaces/msg/detail/aruco_markers__rosidl_typesupport_introspection_c.h
[1.201s] -- Up-to-date symlink: /home/fuga1129/autonav_ws/install/ros2_aruco_interfaces/include/ros2_aruco_interfaces/ros2_aruco_interfaces/msg/rosidl_typesupport_introspection_c__visibility_control.h
[1.201s] -- Up-to-date symlink: /home/fuga1129/autonav_ws/install/ros2_aruco_interfaces/include/ros2_aruco_interfaces/ros2_aruco_interfaces/msg/detail/aruco_markers__rosidl_typesupport_introspection_cpp.hpp
[1.201s] -- Up-to-date symlink: /home/fuga1129/autonav_ws/install/ros2_aruco_interfaces/share/ros2_aruco_interfaces/environment/pythonpath.sh
[1.201s] -- Up-to-date symlink: /home/fuga1129/autonav_ws/install/ros2_aruco_interfaces/share/ros2_aruco_interfaces/environment/pythonpath.dsv
[1.201s] -- Up-to-date symlink: /home/fuga1129/autonav_ws/install/ros2_aruco_interfaces/local/lib/python3.10/dist-packages/ros2_aruco_interfaces-0.1.0-py3.10.egg-info/PKG-INFO
[1.201s] -- Up-to-date symlink: /home/fuga1129/autonav_ws/install/ros2_aruco_interfaces/local/lib/python3.10/dist-packages/ros2_aruco_interfaces-0.1.0-py3.10.egg-info/SOURCES.txt
[1.202s] -- Up-to-date symlink: /home/fuga1129/autonav_ws/install/ros2_aruco_interfaces/local/lib/python3.10/dist-packages/ros2_aruco_interfaces-0.1.0-py3.10.egg-info/dependency_links.txt
[1.202s] -- Up-to-date symlink: /home/fuga1129/autonav_ws/install/ros2_aruco_interfaces/local/lib/python3.10/dist-packages/ros2_aruco_interfaces-0.1.0-py3.10.egg-info/top_level.txt
[1.202s] -- Up-to-date symlink: /home/fuga1129/autonav_ws/install/ros2_aruco_interfaces/local/lib/python3.10/dist-packages/ros2_aruco_interfaces/__init__.py
[1.202s] -- Up-to-date symlink: /home/fuga1129/autonav_ws/install/ros2_aruco_interfaces/local/lib/python3.10/dist-packages/ros2_aruco_interfaces/_ros2_aruco_interfaces_s.ep.rosidl_typesupport_c.c
[1.202s] -- Up-to-date symlink: /home/fuga1129/autonav_ws/install/ros2_aruco_interfaces/local/lib/python3.10/dist-packages/ros2_aruco_interfaces/_ros2_aruco_interfaces_s.ep.rosidl_typesupport_fastrtps_c.c
[1.202s] -- Up-to-date symlink: /home/fuga1129/autonav_ws/install/ros2_aruco_interfaces/local/lib/python3.10/dist-packages/ros2_aruco_interfaces/_ros2_aruco_interfaces_s.ep.rosidl_typesupport_introspection_c.c
[1.202s] -- Up-to-date symlink: /home/fuga1129/autonav_ws/install/ros2_aruco_interfaces/local/lib/python3.10/dist-packages/ros2_aruco_interfaces/libros2_aruco_interfaces__rosidl_generator_py.so
[1.203s] -- Up-to-date symlink: /home/fuga1129/autonav_ws/install/ros2_aruco_interfaces/local/lib/python3.10/dist-packages/ros2_aruco_interfaces/msg/__init__.py
[1.203s] -- Up-to-date symlink: /home/fuga1129/autonav_ws/install/ros2_aruco_interfaces/local/lib/python3.10/dist-packages/ros2_aruco_interfaces/msg/_aruco_markers.py
[1.203s] -- Up-to-date symlink: /home/fuga1129/autonav_ws/install/ros2_aruco_interfaces/local/lib/python3.10/dist-packages/ros2_aruco_interfaces/msg/_aruco_markers_s.c
[1.203s] -- Up-to-date symlink: /home/fuga1129/autonav_ws/install/ros2_aruco_interfaces/local/lib/python3.10/dist-packages/ros2_aruco_interfaces/ros2_aruco_interfaces_s__rosidl_typesupport_c.cpython-310-x86_64-linux-gnu.so
[1.203s] -- Up-to-date symlink: /home/fuga1129/autonav_ws/install/ros2_aruco_interfaces/local/lib/python3.10/dist-packages/ros2_aruco_interfaces/ros2_aruco_interfaces_s__rosidl_typesupport_fastrtps_c.cpython-310-x86_64-linux-gnu.so
[1.203s] -- Up-to-date symlink: /home/fuga1129/autonav_ws/install/ros2_aruco_interfaces/local/lib/python3.10/dist-packages/ros2_aruco_interfaces/ros2_aruco_interfaces_s__rosidl_typesupport_introspection_c.cpython-310-x86_64-linux-gnu.so
[1.205s] -- Up-to-date symlink: /home/fuga1129/autonav_ws/install/ros2_aruco_interfaces/local/lib/python3.10/dist-packages/ros2_aruco_interfaces/ros2_aruco_interfaces_s__rosidl_typesupport_fastrtps_c.cpython-310-x86_64-linux-gnu.so
[1.207s] -- Up-to-date symlink: /home/fuga1129/autonav_ws/install/ros2_aruco_interfaces/local/lib/python3.10/dist-packages/ros2_aruco_interfaces/ros2_aruco_interfaces_s__rosidl_typesupport_introspection_c.cpython-310-x86_64-linux-gnu.so
[1.208s] -- Up-to-date symlink: /home/fuga1129/autonav_ws/install/ros2_aruco_interfaces/local/lib/python3.10/dist-packages/ros2_aruco_interfaces/ros2_aruco_interfaces_s__rosidl_typesupport_c.cpython-310-x86_64-linux-gnu.so
[1.208s] -- Up-to-date symlink: /home/fuga1129/autonav_ws/install/ros2_aruco_interfaces/share/ros2_aruco_interfaces/msg/ArucoMarkers.idl
[1.209s] -- Up-to-date symlink: /home/fuga1129/autonav_ws/install/ros2_aruco_interfaces/share/ros2_aruco_interfaces/msg/ArucoMarkers.msg
[1.209s] -- Up-to-date symlink: /home/fuga1129/autonav_ws/install/ros2_aruco_interfaces/share/ament_index/resource_index/package_run_dependencies/ros2_aruco_interfaces
[1.209s] -- Up-to-date symlink: /home/fuga1129/autonav_ws/install/ros2_aruco_interfaces/share/ament_index/resource_index/parent_prefix_path/ros2_aruco_interfaces
[1.209s] -- Up-to-date symlink: /home/fuga1129/autonav_ws/install/ros2_aruco_interfaces/share/ros2_aruco_interfaces/environment/ament_prefix_path.sh
[1.209s] -- Up-to-date symlink: /home/fuga1129/autonav_ws/install/ros2_aruco_interfaces/share/ros2_aruco_interfaces/environment/ament_prefix_path.dsv
[1.209s] -- Up-to-date symlink: /home/fuga1129/autonav_ws/install/ros2_aruco_interfaces/share/ros2_aruco_interfaces/environment/path.sh
[1.210s] -- Up-to-date symlink: /home/fuga1129/autonav_ws/install/ros2_aruco_interfaces/share/ros2_aruco_interfaces/environment/path.dsv
[1.210s] -- Up-to-date symlink: /home/fuga1129/autonav_ws/install/ros2_aruco_interfaces/share/ros2_aruco_interfaces/local_setup.bash
[1.210s] -- Up-to-date symlink: /home/fuga1129/autonav_ws/install/ros2_aruco_interfaces/share/ros2_aruco_interfaces/local_setup.sh
[1.210s] -- Up-to-date symlink: /home/fuga1129/autonav_ws/install/ros2_aruco_interfaces/share/ros2_aruco_interfaces/local_setup.zsh
[1.210s] -- Up-to-date symlink: /home/fuga1129/autonav_ws/install/ros2_aruco_interfaces/share/ros2_aruco_interfaces/local_setup.dsv
[1.210s] -- Symlinking: /home/fuga1129/autonav_ws/install/ros2_aruco_interfaces/share/ros2_aruco_interfaces/package.dsv
[1.219s] -- Up-to-date symlink: /home/fuga1129/autonav_ws/install/ros2_aruco_interfaces/share/ament_index/resource_index/packages/ros2_aruco_interfaces
[1.219s] -- Up-to-date symlink: /home/fuga1129/autonav_ws/install/ros2_aruco_interfaces/share/ros2_aruco_interfaces/cmake/rosidl_cmake-extras.cmake
[1.219s] -- Up-to-date symlink: /home/fuga1129/autonav_ws/install/ros2_aruco_interfaces/share/ros2_aruco_interfaces/cmake/ament_cmake_export_dependencies-extras.cmake
[1.219s] -- Up-to-date symlink: /home/fuga1129/autonav_ws/install/ros2_aruco_interfaces/share/ros2_aruco_interfaces/cmake/ament_cmake_export_include_directories-extras.cmake
[1.219s] -- Up-to-date symlink: /home/fuga1129/autonav_ws/install/ros2_aruco_interfaces/share/ros2_aruco_interfaces/cmake/ament_cmake_export_libraries-extras.cmake
[1.219s] -- Up-to-date symlink: /home/fuga1129/autonav_ws/install/ros2_aruco_interfaces/share/ros2_aruco_interfaces/cmake/ament_cmake_export_targets-extras.cmake
[1.219s] -- Up-to-date symlink: /home/fuga1129/autonav_ws/install/ros2_aruco_interfaces/share/ros2_aruco_interfaces/cmake/rosidl_cmake_export_typesupport_targets-extras.cmake
[1.219s] -- Up-to-date symlink: /home/fuga1129/autonav_ws/install/ros2_aruco_interfaces/share/ros2_aruco_interfaces/cmake/rosidl_cmake_export_typesupport_libraries-extras.cmake
[1.219s] -- Up-to-date symlink: /home/fuga1129/autonav_ws/install/ros2_aruco_interfaces/share/ros2_aruco_interfaces/cmake/ros2_aruco_interfacesConfig.cmake
[1.219s] -- Up-to-date symlink: /home/fuga1129/autonav_ws/install/ros2_aruco_interfaces/share/ros2_aruco_interfaces/cmake/ros2_aruco_interfacesConfig-version.cmake
[1.219s] -- Up-to-date symlink: /home/fuga1129/autonav_ws/install/ros2_aruco_interfaces/share/ros2_aruco_interfaces/package.xml
[1.220s] -- Up-to-date: /home/fuga1129/autonav_ws/install/ros2_aruco_interfaces/lib/libros2_aruco_interfaces__rosidl_generator_c.so
[1.220s] -- Up-to-date: /home/fuga1129/autonav_ws/install/ros2_aruco_interfaces/lib/libros2_aruco_interfaces__rosidl_typesupport_fastrtps_c.so
[1.220s] -- Up-to-date: /home/fuga1129/autonav_ws/install/ros2_aruco_interfaces/lib/libros2_aruco_interfaces__rosidl_typesupport_fastrtps_cpp.so
[1.220s] -- Up-to-date: /home/fuga1129/autonav_ws/install/ros2_aruco_interfaces/lib/libros2_aruco_interfaces__rosidl_typesupport_introspection_c.so
[1.220s] -- Up-to-date: /home/fuga1129/autonav_ws/install/ros2_aruco_interfaces/lib/libros2_aruco_interfaces__rosidl_typesupport_c.so
[1.220s] -- Up-to-date: /home/fuga1129/autonav_ws/install/ros2_aruco_interfaces/lib/libros2_aruco_interfaces__rosidl_typesupport_introspection_cpp.so
[1.220s] -- Up-to-date: /home/fuga1129/autonav_ws/install/ros2_aruco_interfaces/lib/libros2_aruco_interfaces__rosidl_typesupport_cpp.so
[1.264s] Listing '/home/fuga1129/autonav_ws/install/ros2_aruco_interfaces/local/lib/python3.10/dist-packages/ros2_aruco_interfaces'...
[1.264s] Listing '/home/fuga1129/autonav_ws/install/ros2_aruco_interfaces/local/lib/python3.10/dist-packages/ros2_aruco_interfaces/msg'...
[1.268s] -- Up-to-date: /home/fuga1129/autonav_ws/install/ros2_aruco_interfaces/lib/libros2_aruco_interfaces__rosidl_generator_py.so
[1.270s] -- Up-to-date: /home/fuga1129/autonav_ws/install/ros2_aruco_interfaces/share/ros2_aruco_interfaces/cmake/export_ros2_aruco_interfaces__rosidl_generator_cExport.cmake
[1.270s] -- Up-to-date: /home/fuga1129/autonav_ws/install/ros2_aruco_interfaces/share/ros2_aruco_interfaces/cmake/export_ros2_aruco_interfaces__rosidl_generator_cExport-noconfig.cmake
[1.272s] -- Up-to-date: /home/fuga1129/autonav_ws/install/ros2_aruco_interfaces/share/ros2_aruco_interfaces/cmake/export_ros2_aruco_interfaces__rosidl_typesupport_fastrtps_cExport.cmake
[1.272s] -- Up-to-date: /home/fuga1129/autonav_ws/install/ros2_aruco_interfaces/share/ros2_aruco_interfaces/cmake/export_ros2_aruco_interfaces__rosidl_typesupport_fastrtps_cExport-noconfig.cmake
[1.274s] -- Up-to-date: /home/fuga1129/autonav_ws/install/ros2_aruco_interfaces/share/ros2_aruco_interfaces/cmake/export_ros2_aruco_interfaces__rosidl_generator_cppExport.cmake
[1.276s] -- Up-to-date: /home/fuga1129/autonav_ws/install/ros2_aruco_interfaces/share/ros2_aruco_interfaces/cmake/export_ros2_aruco_interfaces__rosidl_typesupport_fastrtps_cppExport.cmake
[1.277s] -- Up-to-date: /home/fuga1129/autonav_ws/install/ros2_aruco_interfaces/share/ros2_aruco_interfaces/cmake/export_ros2_aruco_interfaces__rosidl_typesupport_fastrtps_cppExport-noconfig.cmake
[1.277s] -- Up-to-date: /home/fuga1129/autonav_ws/install/ros2_aruco_interfaces/share/ros2_aruco_interfaces/cmake/ros2_aruco_interfaces__rosidl_typesupport_introspection_cExport.cmake
[1.278s] -- Up-to-date: /home/fuga1129/autonav_ws/install/ros2_aruco_interfaces/share/ros2_aruco_interfaces/cmake/ros2_aruco_interfaces__rosidl_typesupport_introspection_cExport-noconfig.cmake
[1.279s] -- Up-to-date: /home/fuga1129/autonav_ws/install/ros2_aruco_interfaces/share/ros2_aruco_interfaces/cmake/ros2_aruco_interfaces__rosidl_typesupport_cExport.cmake
[1.279s] -- Up-to-date: /home/fuga1129/autonav_ws/install/ros2_aruco_interfaces/share/ros2_aruco_interfaces/cmake/ros2_aruco_interfaces__rosidl_typesupport_cExport-noconfig.cmake
[1.285s] -- Up-to-date: /home/fuga1129/autonav_ws/install/ros2_aruco_interfaces/share/ros2_aruco_interfaces/cmake/ros2_aruco_interfaces__rosidl_typesupport_introspection_cppExport.cmake
[1.285s] -- Up-to-date: /home/fuga1129/autonav_ws/install/ros2_aruco_interfaces/share/ros2_aruco_interfaces/cmake/ros2_aruco_interfaces__rosidl_typesupport_introspection_cppExport-noconfig.cmake
[1.287s] -- Up-to-date: /home/fuga1129/autonav_ws/install/ros2_aruco_interfaces/share/ros2_aruco_interfaces/cmake/ros2_aruco_interfaces__rosidl_typesupport_cppExport.cmake
[1.287s] -- Up-to-date: /home/fuga1129/autonav_ws/install/ros2_aruco_interfaces/share/ros2_aruco_interfaces/cmake/ros2_aruco_interfaces__rosidl_typesupport_cppExport-noconfig.cmake
[1.288s] -- Up-to-date: /home/fuga1129/autonav_ws/install/ros2_aruco_interfaces/share/ros2_aruco_interfaces/cmake/export_ros2_aruco_interfaces__rosidl_generator_pyExport.cmake
[1.288s] -- Up-to-date: /home/fuga1129/autonav_ws/install/ros2_aruco_interfaces/share/ros2_aruco_interfaces/cmake/export_ros2_aruco_interfaces__rosidl_generator_pyExport-noconfig.cmake
[1.293s] Invoked command in '/home/fuga1129/autonav_ws/build/ros2_aruco_interfaces' returned '0': CMAKE_PREFIX_PATH=${CMAKE_PREFIX_PATH}:/home/fuga1129/autonav_ws/install/ros2_aruco:/home/fuga1129/autonav_ws/install/opencv_ros2:/home/fuga1129/autonav_ws/install/autonav:/home/fuga1129/rosxbee_ws/install/rosxbeepy:/home/fuga1129/rosxbee_ws/install/rosxbeefinal:/home/fuga1129/gui_ws/install/pyqt_test:/home/fuga1129/aurora_sim_v2/install/yolov8_ros2:/home/fuga1129/aurora_sim_v2/install/aurora_autonav:/home/fuga1129/aurora_sim_v2/install/ros2_aruco:/home/fuga1129/aurora_sim_v2/install/opencv_ros2:/home/fuga1129/aurora_sim_v2/install/aurora_drive:/home/fuga1129/aurora_sim_v2/install/aurora1:/home/fuga1129/moveit2_ws/install/moveit_configs_utils:/home/fuga1129/moveit2_ws/install/launch_param_builder:/opt/ros/humble /usr/bin/cmake --install /home/fuga1129/autonav_ws/build/ros2_aruco_interfaces
