[1.365s] Invoking command in '/home/fuga1129/autonav_ws/build/ros2_aruco': PYTHONPATH=/home/fuga1129/autonav_ws/build/ros2_aruco/prefix_override:/usr/lib/python3/dist-packages/colcon_core/task/python/colcon_distutils_commands:/home/fuga1129/autonav_ws/install/ros2_aruco/lib/python3.10/site-packages:${PYTHONPATH} /usr/bin/python3 -W ignore:setup.py install is deprecated -W ignore:easy_install command is deprecated setup.py develop --uninstall --editable --build-directory /home/fuga1129/autonav_ws/build/ros2_aruco/build
[1.595s] running develop
[1.846s] Removing /home/fuga1129/autonav_ws/install/ros2_aruco/lib/python3.10/site-packages/ros2-aruco.egg-link (link to .)
[1.895s] Invoked command in '/home/fuga1129/autonav_ws/build/ros2_aruco' returned '0': PYTHONPATH=/home/fuga1129/autonav_ws/build/ros2_aruco/prefix_override:/usr/lib/python3/dist-packages/colcon_core/task/python/colcon_distutils_commands:/home/fuga1129/autonav_ws/install/ros2_aruco/lib/python3.10/site-packages:${PYTHONPATH} /usr/bin/python3 -W ignore:setup.py install is deprecated -W ignore:easy_install command is deprecated setup.py develop --uninstall --editable --build-directory /home/fuga1129/autonav_ws/build/ros2_aruco/build
[1.897s] Invoking command in '/home/fuga1129/autonav_ws/src/ros2_aruco/ros2_aruco': PYTHONPATH=/home/fuga1129/autonav_ws/build/ros2_aruco/prefix_override:/usr/lib/python3/dist-packages/colcon_core/task/python/colcon_distutils_commands:/home/fuga1129/autonav_ws/install/ros2_aruco/lib/python3.10/site-packages:${PYTHONPATH} /usr/bin/python3 -W ignore:setup.py install is deprecated -W ignore:easy_install command is deprecated setup.py egg_info --egg-base ../../../build/ros2_aruco build --build-base /home/fuga1129/autonav_ws/build/ros2_aruco/build install --record /home/fuga1129/autonav_ws/build/ros2_aruco/install.log --single-version-externally-managed install_data --force
[2.239s] running egg_info
[2.240s] writing ../../../build/ros2_aruco/ros2_aruco.egg-info/PKG-INFO
[2.240s] writing dependency_links to ../../../build/ros2_aruco/ros2_aruco.egg-info/dependency_links.txt
[2.241s] writing entry points to ../../../build/ros2_aruco/ros2_aruco.egg-info/entry_points.txt
[2.241s] writing requirements to ../../../build/ros2_aruco/ros2_aruco.egg-info/requires.txt
[2.241s] writing top-level names to ../../../build/ros2_aruco/ros2_aruco.egg-info/top_level.txt
[2.244s] reading manifest file '../../../build/ros2_aruco/ros2_aruco.egg-info/SOURCES.txt'
[2.245s] writing manifest file '../../../build/ros2_aruco/ros2_aruco.egg-info/SOURCES.txt'
[2.245s] running build
[2.245s] running build_py
[2.245s] creating /home/fuga1129/autonav_ws/build/ros2_aruco/build
[2.245s] creating /home/fuga1129/autonav_ws/build/ros2_aruco/build/lib
[2.245s] creating /home/fuga1129/autonav_ws/build/ros2_aruco/build/lib/ros2_aruco
[2.245s] copying ros2_aruco/__init__.py -> /home/fuga1129/autonav_ws/build/ros2_aruco/build/lib/ros2_aruco
[2.245s] copying ros2_aruco/aruco_generate_marker.py -> /home/fuga1129/autonav_ws/build/ros2_aruco/build/lib/ros2_aruco
[2.246s] copying ros2_aruco/aruco_node.py -> /home/fuga1129/autonav_ws/build/ros2_aruco/build/lib/ros2_aruco
[2.246s] running install
[2.246s] running install_lib
[2.247s] creating /home/fuga1129/autonav_ws/install/ros2_aruco/lib/python3.10/site-packages/ros2_aruco
[2.247s] copying /home/fuga1129/autonav_ws/build/ros2_aruco/build/lib/ros2_aruco/__init__.py -> /home/fuga1129/autonav_ws/install/ros2_aruco/lib/python3.10/site-packages/ros2_aruco
[2.247s] copying /home/fuga1129/autonav_ws/build/ros2_aruco/build/lib/ros2_aruco/aruco_generate_marker.py -> /home/fuga1129/autonav_ws/install/ros2_aruco/lib/python3.10/site-packages/ros2_aruco
[2.247s] copying /home/fuga1129/autonav_ws/build/ros2_aruco/build/lib/ros2_aruco/aruco_node.py -> /home/fuga1129/autonav_ws/install/ros2_aruco/lib/python3.10/site-packages/ros2_aruco
[2.248s] byte-compiling /home/fuga1129/autonav_ws/install/ros2_aruco/lib/python3.10/site-packages/ros2_aruco/__init__.py to __init__.cpython-310.pyc
[2.248s] byte-compiling /home/fuga1129/autonav_ws/install/ros2_aruco/lib/python3.10/site-packages/ros2_aruco/aruco_generate_marker.py to aruco_generate_marker.cpython-310.pyc
[2.249s] byte-compiling /home/fuga1129/autonav_ws/install/ros2_aruco/lib/python3.10/site-packages/ros2_aruco/aruco_node.py to aruco_node.cpython-310.pyc
[2.250s] running install_data
[2.251s] copying resource/ros2_aruco -> /home/fuga1129/autonav_ws/install/ros2_aruco/share/ament_index/resource_index/packages
[2.251s] copying package.xml -> /home/fuga1129/autonav_ws/install/ros2_aruco/share/ros2_aruco
[2.251s] copying launch/aruco_recognition.launch.py -> /home/fuga1129/autonav_ws/install/ros2_aruco/share/ros2_aruco/launch
[2.251s] copying config/aruco_parameters.yaml -> /home/fuga1129/autonav_ws/install/ros2_aruco/share/ros2_aruco/config
[2.251s] running install_egg_info
[2.254s] Copying ../../../build/ros2_aruco/ros2_aruco.egg-info to /home/fuga1129/autonav_ws/install/ros2_aruco/lib/python3.10/site-packages/ros2_aruco-0.1.0-py3.10.egg-info
[2.256s] running install_scripts
[2.283s] Installing aruco_generate_marker script to /home/fuga1129/autonav_ws/install/ros2_aruco/lib/ros2_aruco
[2.283s] Installing aruco_node script to /home/fuga1129/autonav_ws/install/ros2_aruco/lib/ros2_aruco
[2.284s] writing list of installed files to '/home/fuga1129/autonav_ws/build/ros2_aruco/install.log'
[2.319s] Invoked command in '/home/fuga1129/autonav_ws/src/ros2_aruco/ros2_aruco' returned '0': PYTHONPATH=/home/fuga1129/autonav_ws/build/ros2_aruco/prefix_override:/usr/lib/python3/dist-packages/colcon_core/task/python/colcon_distutils_commands:/home/fuga1129/autonav_ws/install/ros2_aruco/lib/python3.10/site-packages:${PYTHONPATH} /usr/bin/python3 -W ignore:setup.py install is deprecated -W ignore:easy_install command is deprecated setup.py egg_info --egg-base ../../../build/ros2_aruco build --build-base /home/fuga1129/autonav_ws/build/ros2_aruco/build install --record /home/fuga1129/autonav_ws/build/ros2_aruco/install.log --single-version-externally-managed install_data --force
